2025/10/18 14:19:04 [emerg] 1#1: host not found in upstream "bank-app" in /etc/nginx/conf.d/default.conf:11
2025/10/18 14:28:16 [notice] 1#1: using the "epoll" event method
2025/10/18 14:28:16 [notice] 1#1: nginx/1.29.2
2025/10/18 14:28:16 [notice] 1#1: built by gcc 14.2.0 (Alpine 14.2.0) 
2025/10/18 14:28:16 [notice] 1#1: OS: Linux 6.6.87.2-microsoft-standard-WSL2
2025/10/18 14:28:16 [notice] 1#1: getrlimit(RLIMIT_NOFILE): 1048576:1048576
2025/10/18 14:28:16 [notice] 1#1: start worker processes
2025/10/18 14:28:16 [notice] 1#1: start worker process 28
2025/10/18 14:28:16 [notice] 1#1: start worker process 29
2025/10/18 14:28:16 [notice] 1#1: start worker process 30
2025/10/18 14:28:16 [notice] 1#1: start worker process 31
2025/10/18 14:28:16 [notice] 1#1: start worker process 32
2025/10/18 14:28:16 [notice] 1#1: start worker process 33
2025/10/18 14:28:16 [notice] 1#1: start worker process 34
2025/10/18 14:28:16 [notice] 1#1: start worker process 35
2025/10/18 14:28:16 [notice] 1#1: start worker process 36
2025/10/18 14:28:16 [notice] 1#1: start worker process 37
2025/10/18 14:28:16 [notice] 1#1: start worker process 38
2025/10/18 14:28:16 [notice] 1#1: start worker process 39
2025/10/18 14:28:16 [notice] 1#1: start worker process 40
2025/10/18 14:28:16 [notice] 1#1: start worker process 41
2025/10/18 14:28:16 [notice] 1#1: start worker process 42
2025/10/18 14:28:16 [notice] 1#1: start worker process 43
2025/10/18 14:28:16 [notice] 1#1: start worker process 44
2025/10/18 14:28:16 [notice] 1#1: start worker process 45
2025/10/18 14:47:13 [notice] 1#1: signal 3 (SIGQUIT) received, shutting down
2025/10/18 14:47:13 [notice] 28#28: gracefully shutting down
2025/10/18 14:47:13 [notice] 28#28: exiting
2025/10/18 14:47:13 [notice] 42#42: gracefully shutting down
2025/10/18 14:47:13 [notice] 42#42: exiting
2025/10/18 14:47:13 [notice] 28#28: exit
2025/10/18 14:47:13 [notice] 42#42: exit
2025/10/18 14:47:13 [notice] 36#36: gracefully shutting down
2025/10/18 14:47:13 [notice] 36#36: exiting
2025/10/18 14:47:13 [notice] 36#36: exit
2025/10/18 14:47:13 [notice] 29#29: gracefully shutting down
2025/10/18 14:47:13 [notice] 29#29: exiting
2025/10/18 14:47:13 [notice] 30#30: gracefully shutting down
2025/10/18 14:47:13 [notice] 29#29: exit
2025/10/18 14:47:13 [notice] 30#30: exiting
2025/10/18 14:47:13 [notice] 30#30: exit
2025/10/18 14:47:13 [notice] 31#31: gracefully shutting down
2025/10/18 14:47:13 [notice] 31#31: exiting
2025/10/18 14:47:13 [notice] 31#31: exit
2025/10/18 14:47:13 [notice] 32#32: gracefully shutting down
2025/10/18 14:47:13 [notice] 32#32: exiting
2025/10/18 14:47:13 [notice] 32#32: exit
2025/10/18 14:47:13 [notice] 33#33: gracefully shutting down
2025/10/18 14:47:13 [notice] 33#33: exiting
2025/10/18 14:47:13 [notice] 34#34: gracefully shutting down
2025/10/18 14:47:13 [notice] 34#34: exiting
2025/10/18 14:47:13 [notice] 43#43: gracefully shutting down
2025/10/18 14:47:13 [notice] 44#44: gracefully shutting down
2025/10/18 14:47:13 [notice] 43#43: exiting
2025/10/18 14:47:13 [notice] 44#44: exiting
2025/10/18 14:47:13 [notice] 33#33: exit
2025/10/18 14:47:13 [notice] 43#43: exit
2025/10/18 14:47:13 [notice] 44#44: exit
2025/10/18 14:47:13 [notice] 34#34: exit
2025/10/18 14:47:13 [notice] 35#35: gracefully shutting down
2025/10/18 14:47:13 [notice] 35#35: exiting
2025/10/18 14:47:13 [notice] 45#45: gracefully shutting down
2025/10/18 14:47:13 [notice] 35#35: exit
2025/10/18 14:47:13 [notice] 45#45: exiting
2025/10/18 14:47:13 [notice] 45#45: exit
2025/10/18 14:47:13 [notice] 37#37: gracefully shutting down
2025/10/18 14:47:13 [notice] 38#38: gracefully shutting down
2025/10/18 14:47:13 [notice] 37#37: exiting
2025/10/18 14:47:13 [notice] 38#38: exiting
2025/10/18 14:47:13 [notice] 37#37: exit
2025/10/18 14:47:13 [notice] 38#38: exit
2025/10/18 14:47:13 [notice] 39#39: gracefully shutting down
2025/10/18 14:47:13 [notice] 39#39: exiting
2025/10/18 14:47:13 [notice] 39#39: exit
2025/10/18 14:47:13 [notice] 40#40: gracefully shutting down
2025/10/18 14:47:13 [notice] 40#40: exiting
2025/10/18 14:47:13 [notice] 41#41: gracefully shutting down
2025/10/18 14:47:13 [notice] 41#41: exiting
2025/10/18 14:47:13 [notice] 40#40: exit
2025/10/18 14:47:13 [notice] 41#41: exit
2025/10/18 14:47:13 [notice] 1#1: signal 17 (SIGCHLD) received from 34
2025/10/18 14:47:13 [notice] 1#1: worker process 34 exited with code 0
2025/10/18 14:47:13 [notice] 1#1: signal 29 (SIGIO) received
2025/10/18 14:47:13 [notice] 1#1: signal 17 (SIGCHLD) received from 41
2025/10/18 14:47:13 [notice] 1#1: worker process 41 exited with code 0
2025/10/18 14:47:13 [notice] 1#1: signal 29 (SIGIO) received
2025/10/18 14:47:13 [notice] 1#1: signal 17 (SIGCHLD) received from 28
2025/10/18 14:47:13 [notice] 1#1: worker process 28 exited with code 0
2025/10/18 14:47:13 [notice] 1#1: worker process 37 exited with code 0
2025/10/18 14:47:13 [notice] 1#1: worker process 40 exited with code 0
2025/10/18 14:47:13 [notice] 1#1: worker process 44 exited with code 0
2025/10/18 14:47:13 [notice] 1#1: signal 29 (SIGIO) received
2025/10/18 14:47:13 [notice] 1#1: signal 17 (SIGCHLD) received from 44
2025/10/18 14:47:13 [notice] 1#1: signal 17 (SIGCHLD) received from 45
2025/10/18 14:47:13 [notice] 1#1: worker process 45 exited with code 0
2025/10/18 14:47:13 [notice] 1#1: signal 29 (SIGIO) received
2025/10/18 14:47:13 [notice] 1#1: signal 17 (SIGCHLD) received from 43
2025/10/18 14:47:13 [notice] 1#1: worker process 29 exited with code 0
2025/10/18 14:47:13 [notice] 1#1: worker process 35 exited with code 0
2025/10/18 14:47:13 [notice] 1#1: worker process 39 exited with code 0
2025/10/18 14:47:13 [notice] 1#1: worker process 43 exited with code 0
2025/10/18 14:47:13 [notice] 1#1: signal 29 (SIGIO) received
2025/10/18 14:47:13 [notice] 1#1: signal 17 (SIGCHLD) received from 31
2025/10/18 14:47:13 [notice] 1#1: worker process 31 exited with code 0
2025/10/18 14:47:13 [notice] 1#1: signal 29 (SIGIO) received
2025/10/18 14:47:13 [notice] 1#1: signal 17 (SIGCHLD) received from 30
2025/10/18 14:47:13 [notice] 1#1: worker process 30 exited with code 0
2025/10/18 14:47:13 [notice] 1#1: signal 29 (SIGIO) received
2025/10/18 14:47:13 [notice] 1#1: signal 17 (SIGCHLD) received from 42
2025/10/18 14:47:13 [notice] 1#1: worker process 42 exited with code 0
2025/10/18 14:47:13 [notice] 1#1: signal 29 (SIGIO) received
2025/10/18 14:47:13 [notice] 1#1: signal 17 (SIGCHLD) received from 33
2025/10/18 14:47:13 [notice] 1#1: worker process 33 exited with code 0
2025/10/18 14:47:13 [notice] 1#1: signal 29 (SIGIO) received
2025/10/18 14:47:13 [notice] 1#1: signal 17 (SIGCHLD) received from 32
2025/10/18 14:47:13 [notice] 1#1: worker process 32 exited with code 0
2025/10/18 14:47:13 [notice] 1#1: worker process 38 exited with code 0
2025/10/18 14:47:13 [notice] 1#1: signal 29 (SIGIO) received
2025/10/18 14:47:13 [notice] 1#1: signal 17 (SIGCHLD) received from 36
2025/10/18 14:47:13 [notice] 1#1: worker process 36 exited with code 0
2025/10/18 14:47:13 [notice] 1#1: exit
2025/10/18 14:58:43 [warn] 1#1: the "listen ... http2" directive is deprecated, use the "http2" directive instead in /etc/nginx/conf.d/default.conf:12
2025/10/18 14:58:43 [notice] 1#1: using the "epoll" event method
2025/10/18 14:58:43 [notice] 1#1: nginx/1.29.2
2025/10/18 14:58:43 [notice] 1#1: built by gcc 14.2.0 (Alpine 14.2.0) 
2025/10/18 14:58:43 [notice] 1#1: OS: Linux 6.6.87.2-microsoft-standard-WSL2
2025/10/18 14:58:43 [notice] 1#1: getrlimit(RLIMIT_NOFILE): 1048576:1048576
2025/10/18 14:58:43 [notice] 1#1: start worker processes
2025/10/18 14:58:43 [notice] 1#1: start worker process 29
2025/10/18 14:58:43 [notice] 1#1: start worker process 30
2025/10/18 14:58:43 [notice] 1#1: start worker process 31
2025/10/18 14:58:43 [notice] 1#1: start worker process 32
2025/10/18 14:58:43 [notice] 1#1: start worker process 33
2025/10/18 14:58:43 [notice] 1#1: start worker process 34
2025/10/18 14:58:43 [notice] 1#1: start worker process 35
2025/10/18 14:58:43 [notice] 1#1: start worker process 36
2025/10/18 14:58:43 [notice] 1#1: start worker process 37
2025/10/18 14:58:43 [notice] 1#1: start worker process 38
2025/10/18 14:58:43 [notice] 1#1: start worker process 39
2025/10/18 14:58:43 [notice] 1#1: start worker process 40
2025/10/18 14:58:43 [notice] 1#1: start worker process 41
2025/10/18 14:58:43 [notice] 1#1: start worker process 42
2025/10/18 14:58:43 [notice] 1#1: start worker process 43
2025/10/18 14:58:43 [notice] 1#1: start worker process 44
2025/10/18 14:58:43 [notice] 1#1: start worker process 45
2025/10/18 14:58:43 [notice] 1#1: start worker process 46
2025/10/18 15:06:28 [notice] 1#1: signal 3 (SIGQUIT) received, shutting down
2025/10/18 15:06:28 [notice] 30#30: gracefully shutting down
2025/10/18 15:06:28 [notice] 29#29: gracefully shutting down
2025/10/18 15:06:28 [notice] 33#33: gracefully shutting down
2025/10/18 15:06:28 [notice] 30#30: exiting
2025/10/18 15:06:28 [notice] 29#29: exiting
2025/10/18 15:06:28 [notice] 33#33: exiting
2025/10/18 15:06:28 [notice] 43#43: gracefully shutting down
2025/10/18 15:06:28 [notice] 43#43: exiting
2025/10/18 15:06:28 [notice] 34#34: gracefully shutting down
2025/10/18 15:06:28 [notice] 34#34: exiting
2025/10/18 15:06:28 [notice] 30#30: exit
2025/10/18 15:06:28 [notice] 29#29: exit
2025/10/18 15:06:28 [notice] 43#43: exit
2025/10/18 15:06:28 [notice] 34#34: exit
2025/10/18 15:06:28 [notice] 33#33: exit
2025/10/18 15:06:28 [notice] 31#31: gracefully shutting down
2025/10/18 15:06:28 [notice] 32#32: gracefully shutting down
2025/10/18 15:06:28 [notice] 31#31: exiting
2025/10/18 15:06:28 [notice] 32#32: exiting
2025/10/18 15:06:28 [notice] 31#31: exit
2025/10/18 15:06:28 [notice] 32#32: exit
2025/10/18 15:06:28 [notice] 35#35: gracefully shutting down
2025/10/18 15:06:28 [notice] 35#35: exiting
2025/10/18 15:06:28 [notice] 36#36: gracefully shutting down
2025/10/18 15:06:28 [notice] 36#36: exiting
2025/10/18 15:06:28 [notice] 35#35: exit
2025/10/18 15:06:28 [notice] 36#36: exit
2025/10/18 15:06:28 [notice] 44#44: gracefully shutting down
2025/10/18 15:06:28 [notice] 38#38: gracefully shutting down
2025/10/18 15:06:28 [notice] 44#44: exiting
2025/10/18 15:06:28 [notice] 38#38: exiting
2025/10/18 15:06:28 [notice] 37#37: gracefully shutting down
2025/10/18 15:06:28 [notice] 39#39: gracefully shutting down
2025/10/18 15:06:28 [notice] 37#37: exiting
2025/10/18 15:06:28 [notice] 39#39: exiting
2025/10/18 15:06:28 [notice] 40#40: gracefully shutting down
2025/10/18 15:06:28 [notice] 40#40: exiting
2025/10/18 15:06:28 [notice] 44#44: exit
2025/10/18 15:06:28 [notice] 38#38: exit
2025/10/18 15:06:28 [notice] 39#39: exit
2025/10/18 15:06:28 [notice] 40#40: exit
2025/10/18 15:06:28 [notice] 46#46: gracefully shutting down
2025/10/18 15:06:28 [notice] 46#46: exiting
2025/10/18 15:06:28 [notice] 46#46: exit
2025/10/18 15:06:28 [notice] 41#41: gracefully shutting down
2025/10/18 15:06:28 [notice] 41#41: exiting
2025/10/18 15:06:28 [notice] 42#42: gracefully shutting down
2025/10/18 15:06:28 [notice] 42#42: exiting
2025/10/18 15:06:28 [notice] 41#41: exit
2025/10/18 15:06:28 [notice] 42#42: exit
2025/10/18 15:06:28 [notice] 37#37: exit
2025/10/18 15:06:28 [notice] 45#45: gracefully shutting down
2025/10/18 15:06:28 [notice] 45#45: exiting
2025/10/18 15:06:28 [notice] 45#45: exit
2025/10/18 15:06:28 [notice] 1#1: signal 17 (SIGCHLD) received from 31
2025/10/18 15:06:28 [notice] 1#1: worker process 31 exited with code 0
2025/10/18 15:06:28 [notice] 1#1: signal 29 (SIGIO) received
2025/10/18 15:06:28 [notice] 1#1: signal 17 (SIGCHLD) received from 41
2025/10/18 15:06:28 [notice] 1#1: worker process 30 exited with code 0
2025/10/18 15:06:28 [notice] 1#1: worker process 34 exited with code 0
2025/10/18 15:06:28 [notice] 1#1: worker process 40 exited with code 0
2025/10/18 15:06:28 [notice] 1#1: worker process 41 exited with code 0
2025/10/18 15:06:28 [notice] 1#1: worker process 42 exited with code 0
2025/10/18 15:06:28 [notice] 1#1: signal 29 (SIGIO) received
2025/10/18 15:06:28 [notice] 1#1: signal 17 (SIGCHLD) received from 40
2025/10/18 15:06:28 [notice] 1#1: worker process 32 exited with code 0
2025/10/18 15:06:28 [notice] 1#1: signal 29 (SIGIO) received
2025/10/18 15:06:28 [notice] 1#1: signal 17 (SIGCHLD) received from 43
2025/10/18 15:06:28 [notice] 1#1: worker process 43 exited with code 0
2025/10/18 15:06:28 [notice] 1#1: signal 29 (SIGIO) received
2025/10/18 15:06:28 [notice] 1#1: signal 17 (SIGCHLD) received from 33
2025/10/18 15:06:28 [notice] 1#1: worker process 29 exited with code 0
2025/10/18 15:06:28 [notice] 1#1: worker process 33 exited with code 0
2025/10/18 15:06:28 [notice] 1#1: signal 29 (SIGIO) received
2025/10/18 15:06:28 [notice] 1#1: signal 17 (SIGCHLD) received from 38
2025/10/18 15:06:28 [notice] 1#1: worker process 38 exited with code 0
2025/10/18 15:06:28 [notice] 1#1: worker process 39 exited with code 0
2025/10/18 15:06:28 [notice] 1#1: signal 29 (SIGIO) received
2025/10/18 15:06:28 [notice] 1#1: signal 17 (SIGCHLD) received from 44
2025/10/18 15:06:28 [notice] 1#1: worker process 44 exited with code 0
2025/10/18 15:06:28 [notice] 1#1: signal 29 (SIGIO) received
2025/10/18 15:06:28 [notice] 1#1: signal 17 (SIGCHLD) received from 45
2025/10/18 15:06:28 [notice] 1#1: worker process 45 exited with code 0
2025/10/18 15:06:28 [notice] 1#1: signal 29 (SIGIO) received
2025/10/18 15:06:28 [notice] 1#1: signal 17 (SIGCHLD) received from 35
2025/10/18 15:06:28 [notice] 1#1: worker process 35 exited with code 0
2025/10/18 15:06:28 [notice] 1#1: worker process 46 exited with code 0
2025/10/18 15:06:28 [notice] 1#1: signal 29 (SIGIO) received
2025/10/18 15:06:28 [notice] 1#1: signal 17 (SIGCHLD) received from 37
2025/10/18 15:06:28 [notice] 1#1: worker process 36 exited with code 0
2025/10/18 15:06:28 [notice] 1#1: worker process 37 exited with code 0
2025/10/18 15:06:28 [notice] 1#1: exit
2025/10/18 15:10:08 [notice] 1#1: using the "epoll" event method
2025/10/18 15:10:08 [notice] 1#1: nginx/1.29.2
2025/10/18 15:10:08 [notice] 1#1: built by gcc 14.2.0 (Alpine 14.2.0) 
2025/10/18 15:10:08 [notice] 1#1: OS: Linux 6.6.87.2-microsoft-standard-WSL2
2025/10/18 15:10:08 [notice] 1#1: getrlimit(RLIMIT_NOFILE): 1048576:1048576
2025/10/18 15:10:08 [notice] 1#1: start worker processes
2025/10/18 15:10:08 [notice] 1#1: start worker process 30
2025/10/18 15:10:08 [notice] 1#1: start worker process 31
2025/10/18 15:10:08 [notice] 1#1: start worker process 32
2025/10/18 15:10:08 [notice] 1#1: start worker process 33
2025/10/18 15:10:08 [notice] 1#1: start worker process 34
2025/10/18 15:10:08 [notice] 1#1: start worker process 35
2025/10/18 15:10:08 [notice] 1#1: start worker process 36
2025/10/18 15:10:08 [notice] 1#1: start worker process 37
2025/10/18 15:10:08 [notice] 1#1: start worker process 38
2025/10/18 15:10:08 [notice] 1#1: start worker process 39
2025/10/18 15:10:08 [notice] 1#1: start worker process 40
2025/10/18 15:10:08 [notice] 1#1: start worker process 41
2025/10/18 15:10:08 [notice] 1#1: start worker process 42
2025/10/18 15:10:08 [notice] 1#1: start worker process 43
2025/10/18 15:10:08 [notice] 1#1: start worker process 44
2025/10/18 15:10:08 [notice] 1#1: start worker process 45
2025/10/18 15:10:08 [notice] 1#1: start worker process 46
2025/10/18 15:10:08 [notice] 1#1: start worker process 47
2025/10/18 15:11:58 [notice] 1#1: signal 3 (SIGQUIT) received, shutting down
2025/10/18 15:11:58 [notice] 30#30: gracefully shutting down
2025/10/18 15:11:58 [notice] 31#31: gracefully shutting down
2025/10/18 15:11:58 [notice] 31#31: exiting
2025/10/18 15:11:58 [notice] 30#30: exiting
2025/10/18 15:11:58 [notice] 35#35: gracefully shutting down
2025/10/18 15:11:58 [notice] 35#35: exiting
2025/10/18 15:11:58 [notice] 33#33: gracefully shutting down
2025/10/18 15:11:58 [notice] 33#33: exiting
2025/10/18 15:11:58 [notice] 43#43: gracefully shutting down
2025/10/18 15:11:58 [notice] 40#40: gracefully shutting down
2025/10/18 15:11:58 [notice] 43#43: exiting
2025/10/18 15:11:58 [notice] 40#40: exiting
2025/10/18 15:11:58 [notice] 30#30: exit
2025/10/18 15:11:58 [notice] 35#35: exit
2025/10/18 15:11:58 [notice] 31#31: exit
2025/10/18 15:11:58 [notice] 33#33: exit
2025/10/18 15:11:58 [notice] 40#40: exit
2025/10/18 15:11:58 [notice] 43#43: exit
2025/10/18 15:11:58 [notice] 47#47: gracefully shutting down
2025/10/18 15:11:58 [notice] 47#47: exiting
2025/10/18 15:11:58 [notice] 47#47: exit
2025/10/18 15:11:58 [notice] 46#46: gracefully shutting down
2025/10/18 15:11:58 [notice] 46#46: exiting
2025/10/18 15:11:58 [notice] 34#34: gracefully shutting down
2025/10/18 15:11:58 [notice] 42#42: gracefully shutting down
2025/10/18 15:11:58 [notice] 34#34: exiting
2025/10/18 15:11:58 [notice] 42#42: exiting
2025/10/18 15:11:58 [notice] 36#36: gracefully shutting down
2025/10/18 15:11:58 [notice] 36#36: exiting
2025/10/18 15:11:58 [notice] 34#34: exit
2025/10/18 15:11:58 [notice] 39#39: gracefully shutting down
2025/10/18 15:11:58 [notice] 44#44: gracefully shutting down
2025/10/18 15:11:58 [notice] 39#39: exiting
2025/10/18 15:11:58 [notice] 37#37: gracefully shutting down
2025/10/18 15:11:58 [notice] 46#46: exit
2025/10/18 15:11:58 [notice] 37#37: exiting
2025/10/18 15:11:58 [notice] 44#44: exiting
2025/10/18 15:11:58 [notice] 38#38: gracefully shutting down
2025/10/18 15:11:58 [notice] 38#38: exiting
2025/10/18 15:11:58 [notice] 42#42: exit
2025/10/18 15:11:58 [notice] 41#41: gracefully shutting down
2025/10/18 15:11:58 [notice] 41#41: exiting
2025/10/18 15:11:58 [notice] 45#45: gracefully shutting down
2025/10/18 15:11:58 [notice] 45#45: exiting
2025/10/18 15:11:58 [notice] 32#32: gracefully shutting down
2025/10/18 15:11:58 [notice] 37#37: exit
2025/10/18 15:11:58 [notice] 32#32: exiting
2025/10/18 15:11:58 [notice] 38#38: exit
2025/10/18 15:11:58 [notice] 36#36: exit
2025/10/18 15:11:58 [notice] 39#39: exit
2025/10/18 15:11:58 [notice] 41#41: exit
2025/10/18 15:11:58 [notice] 45#45: exit
2025/10/18 15:11:58 [notice] 44#44: exit
2025/10/18 15:11:58 [notice] 32#32: exit
2025/10/18 15:11:58 [notice] 1#1: signal 17 (SIGCHLD) received from 40
2025/10/18 15:11:58 [notice] 1#1: worker process 40 exited with code 0
2025/10/18 15:11:58 [notice] 1#1: worker process 35 exited with code 0
2025/10/18 15:11:58 [notice] 1#1: signal 29 (SIGIO) received
2025/10/18 15:11:58 [notice] 1#1: signal 17 (SIGCHLD) received from 35
2025/10/18 15:11:58 [notice] 1#1: signal 17 (SIGCHLD) received from 36
2025/10/18 15:11:58 [notice] 1#1: worker process 36 exited with code 0
2025/10/18 15:11:58 [notice] 1#1: worker process 42 exited with code 0
2025/10/18 15:11:58 [notice] 1#1: signal 29 (SIGIO) received
2025/10/18 15:11:58 [notice] 1#1: signal 17 (SIGCHLD) received from 43
2025/10/18 15:11:58 [notice] 1#1: worker process 43 exited with code 0
2025/10/18 15:11:58 [notice] 1#1: worker process 47 exited with code 0
2025/10/18 15:11:58 [notice] 1#1: signal 29 (SIGIO) received
2025/10/18 15:11:58 [notice] 1#1: signal 17 (SIGCHLD) received from 47
2025/10/18 15:11:58 [notice] 1#1: signal 17 (SIGCHLD) received from 30
2025/10/18 15:11:58 [notice] 1#1: worker process 30 exited with code 0
2025/10/18 15:11:58 [notice] 1#1: signal 29 (SIGIO) received
2025/10/18 15:11:58 [notice] 1#1: signal 17 (SIGCHLD) received from 33
2025/10/18 15:11:58 [notice] 1#1: worker process 33 exited with code 0
2025/10/18 15:11:58 [notice] 1#1: worker process 34 exited with code 0
2025/10/18 15:11:58 [notice] 1#1: signal 29 (SIGIO) received
2025/10/18 15:11:58 [notice] 1#1: signal 17 (SIGCHLD) received from 34
2025/10/18 15:11:58 [notice] 1#1: signal 17 (SIGCHLD) received from 37
2025/10/18 15:11:58 [notice] 1#1: worker process 32 exited with code 0
2025/10/18 15:11:58 [notice] 1#1: worker process 37 exited with code 0
2025/10/18 15:11:58 [notice] 1#1: worker process 38 exited with code 0
2025/10/18 15:11:58 [notice] 1#1: worker process 45 exited with code 0
2025/10/18 15:11:58 [notice] 1#1: signal 29 (SIGIO) received
2025/10/18 15:11:58 [notice] 1#1: signal 17 (SIGCHLD) received from 31
2025/10/18 15:11:58 [notice] 1#1: worker process 31 exited with code 0
2025/10/18 15:11:58 [notice] 1#1: signal 29 (SIGIO) received
2025/10/18 15:11:58 [notice] 1#1: signal 17 (SIGCHLD) received from 39
2025/10/18 15:11:58 [notice] 1#1: worker process 39 exited with code 0
2025/10/18 15:11:58 [notice] 1#1: worker process 44 exited with code 0
2025/10/18 15:11:58 [notice] 1#1: worker process 46 exited with code 0
2025/10/18 15:11:58 [notice] 1#1: signal 29 (SIGIO) received
2025/10/18 15:11:58 [notice] 1#1: signal 17 (SIGCHLD) received from 44
2025/10/18 15:11:58 [notice] 1#1: signal 17 (SIGCHLD) received from 41
2025/10/18 15:11:58 [notice] 1#1: worker process 41 exited with code 0
2025/10/18 15:11:58 [notice] 1#1: exit
2025/10/18 15:18:58 [notice] 1#1: using the "epoll" event method
2025/10/18 15:18:58 [notice] 1#1: nginx/1.29.2
2025/10/18 15:18:58 [notice] 1#1: built by gcc 14.2.0 (Alpine 14.2.0) 
2025/10/18 15:18:58 [notice] 1#1: OS: Linux 6.6.87.2-microsoft-standard-WSL2
2025/10/18 15:18:58 [notice] 1#1: getrlimit(RLIMIT_NOFILE): 1048576:1048576
2025/10/18 15:18:58 [notice] 1#1: start worker processes
2025/10/18 15:18:58 [notice] 1#1: start worker process 29
2025/10/18 15:18:58 [notice] 1#1: start worker process 30
2025/10/18 15:18:58 [notice] 1#1: start worker process 31
2025/10/18 15:18:58 [notice] 1#1: start worker process 32
2025/10/18 15:18:58 [notice] 1#1: start worker process 33
2025/10/18 15:18:58 [notice] 1#1: start worker process 34
2025/10/18 15:18:58 [notice] 1#1: start worker process 35
2025/10/18 15:18:58 [notice] 1#1: start worker process 36
2025/10/18 15:18:58 [notice] 1#1: start worker process 37
2025/10/18 15:18:58 [notice] 1#1: start worker process 38
2025/10/18 15:18:58 [notice] 1#1: start worker process 39
2025/10/18 15:18:58 [notice] 1#1: start worker process 40
2025/10/18 15:18:58 [notice] 1#1: start worker process 41
2025/10/18 15:18:58 [notice] 1#1: start worker process 42
2025/10/18 15:18:58 [notice] 1#1: start worker process 43
2025/10/18 15:18:58 [notice] 1#1: start worker process 44
2025/10/18 15:18:58 [notice] 1#1: start worker process 45
2025/10/18 15:18:58 [notice] 1#1: start worker process 46
2025/10/18 15:20:01 [notice] 1#1: signal 3 (SIGQUIT) received, shutting down
2025/10/18 15:20:01 [notice] 29#29: gracefully shutting down
2025/10/18 15:20:01 [notice] 34#34: gracefully shutting down
2025/10/18 15:20:01 [notice] 34#34: exiting
2025/10/18 15:20:01 [notice] 30#30: gracefully shutting down
2025/10/18 15:20:01 [notice] 43#43: gracefully shutting down
2025/10/18 15:20:01 [notice] 43#43: exiting
2025/10/18 15:20:01 [notice] 32#32: gracefully shutting down
2025/10/18 15:20:01 [notice] 32#32: exiting
2025/10/18 15:20:01 [notice] 43#43: exit
2025/10/18 15:20:01 [notice] 34#34: exit
2025/10/18 15:20:01 [notice] 32#32: exit
2025/10/18 15:20:01 [notice] 46#46: gracefully shutting down
2025/10/18 15:20:01 [notice] 46#46: exiting
2025/10/18 15:20:01 [notice] 46#46: exit
2025/10/18 15:20:01 [notice] 36#36: gracefully shutting down
2025/10/18 15:20:01 [notice] 36#36: exiting
2025/10/18 15:20:01 [notice] 45#45: gracefully shutting down
2025/10/18 15:20:01 [notice] 45#45: exiting
2025/10/18 15:20:01 [notice] 36#36: exit
2025/10/18 15:20:01 [notice] 31#31: gracefully shutting down
2025/10/18 15:20:01 [notice] 33#33: gracefully shutting down
2025/10/18 15:20:01 [notice] 35#35: gracefully shutting down
2025/10/18 15:20:01 [notice] 45#45: exit
2025/10/18 15:20:01 [notice] 33#33: exiting
2025/10/18 15:20:01 [notice] 35#35: exiting
2025/10/18 15:20:01 [notice] 38#38: gracefully shutting down
2025/10/18 15:20:01 [notice] 38#38: exiting
2025/10/18 15:20:01 [notice] 35#35: exit
2025/10/18 15:20:01 [notice] 33#33: exit
2025/10/18 15:20:01 [notice] 38#38: exit
2025/10/18 15:20:01 [notice] 39#39: gracefully shutting down
2025/10/18 15:20:01 [notice] 39#39: exiting
2025/10/18 15:20:01 [notice] 39#39: exit
2025/10/18 15:20:01 [notice] 37#37: gracefully shutting down
2025/10/18 15:20:01 [notice] 44#44: gracefully shutting down
2025/10/18 15:20:01 [notice] 37#37: exiting
2025/10/18 15:20:01 [notice] 44#44: exiting
2025/10/18 15:20:01 [notice] 40#40: gracefully shutting down
2025/10/18 15:20:01 [notice] 40#40: exiting
2025/10/18 15:20:01 [notice] 37#37: exit
2025/10/18 15:20:01 [notice] 40#40: exit
2025/10/18 15:20:01 [notice] 44#44: exit
2025/10/18 15:20:01 [notice] 41#41: gracefully shutting down
2025/10/18 15:20:01 [notice] 41#41: exiting
2025/10/18 15:20:01 [notice] 42#42: gracefully shutting down
2025/10/18 15:20:01 [notice] 42#42: exiting
2025/10/18 15:20:01 [notice] 41#41: exit
2025/10/18 15:20:01 [notice] 31#31: exiting
2025/10/18 15:20:01 [notice] 42#42: exit
2025/10/18 15:20:01 [notice] 31#31: exit
2025/10/18 15:20:01 [notice] 1#1: signal 17 (SIGCHLD) received from 35
2025/10/18 15:20:01 [notice] 1#1: worker process 35 exited with code 0
2025/10/18 15:20:01 [notice] 1#1: signal 29 (SIGIO) received
2025/10/18 15:20:01 [notice] 1#1: signal 17 (SIGCHLD) received from 45
2025/10/18 15:20:01 [notice] 1#1: worker process 45 exited with code 0
2025/10/18 15:20:01 [notice] 1#1: signal 29 (SIGIO) received
2025/10/18 15:20:01 [notice] 1#1: signal 17 (SIGCHLD) received from 34
2025/10/18 15:20:01 [notice] 1#1: worker process 34 exited with code 0
2025/10/18 15:20:01 [notice] 1#1: signal 29 (SIGIO) received
2025/10/18 15:20:01 [notice] 1#1: signal 17 (SIGCHLD) received from 38
2025/10/18 15:20:01 [notice] 1#1: worker process 32 exited with code 0
2025/10/18 15:20:01 [notice] 1#1: worker process 38 exited with code 0
2025/10/18 15:20:01 [notice] 1#1: worker process 40 exited with code 0
2025/10/18 15:20:01 [notice] 1#1: signal 29 (SIGIO) received
2025/10/18 15:20:01 [notice] 1#1: signal 17 (SIGCHLD) received from 36
2025/10/18 15:20:01 [notice] 1#1: worker process 31 exited with code 0
2025/10/18 15:20:01 [notice] 1#1: worker process 36 exited with code 0
2025/10/18 15:20:01 [notice] 1#1: worker process 37 exited with code 0
2025/10/18 15:20:01 [notice] 1#1: worker process 39 exited with code 0
2025/10/18 15:20:01 [notice] 1#1: worker process 43 exited with code 0
2025/10/18 15:20:01 [notice] 1#1: worker process 44 exited with code 0
2025/10/18 15:20:01 [notice] 1#1: signal 29 (SIGIO) received
2025/10/18 15:20:01 [notice] 1#1: signal 17 (SIGCHLD) received from 42
2025/10/18 15:20:01 [notice] 1#1: worker process 42 exited with code 0
2025/10/18 15:20:01 [notice] 1#1: signal 29 (SIGIO) received
2025/10/18 15:20:01 [notice] 1#1: signal 17 (SIGCHLD) received from 46
2025/10/18 15:20:01 [notice] 1#1: worker process 46 exited with code 0
2025/10/18 15:20:01 [notice] 1#1: signal 29 (SIGIO) received
2025/10/18 15:20:01 [notice] 1#1: signal 17 (SIGCHLD) received from 41
2025/10/18 15:20:01 [notice] 1#1: worker process 41 exited with code 0
2025/10/18 15:20:01 [notice] 1#1: signal 29 (SIGIO) received
2025/10/18 15:20:01 [notice] 1#1: signal 17 (SIGCHLD) received from 33
2025/10/18 15:20:01 [notice] 1#1: worker process 33 exited with code 0
2025/10/18 15:20:01 [notice] 1#1: signal 29 (SIGIO) received
2025/10/20 09:22:05 [notice] 1#1: using the "epoll" event method
2025/10/20 09:22:05 [notice] 1#1: nginx/1.29.2
2025/10/20 09:22:05 [notice] 1#1: built by gcc 14.2.0 (Alpine 14.2.0) 
2025/10/20 09:22:05 [notice] 1#1: OS: Linux 6.6.87.2-microsoft-standard-WSL2
2025/10/20 09:22:05 [notice] 1#1: getrlimit(RLIMIT_NOFILE): 1048576:1048576
2025/10/20 09:22:05 [notice] 1#1: start worker processes
2025/10/20 09:22:05 [notice] 1#1: start worker process 29
2025/10/20 09:22:05 [notice] 1#1: start worker process 30
2025/10/20 09:22:05 [notice] 1#1: start worker process 31
2025/10/20 09:22:05 [notice] 1#1: start worker process 32
2025/10/20 09:22:05 [notice] 1#1: start worker process 33
2025/10/20 09:22:05 [notice] 1#1: start worker process 34
2025/10/20 09:22:05 [notice] 1#1: start worker process 35
2025/10/20 09:22:05 [notice] 1#1: start worker process 36
2025/10/20 09:22:05 [notice] 1#1: start worker process 37
2025/10/20 09:22:05 [notice] 1#1: start worker process 38
2025/10/20 09:22:05 [notice] 1#1: start worker process 39
2025/10/20 09:22:05 [notice] 1#1: start worker process 40
2025/10/20 09:22:05 [notice] 1#1: start worker process 41
2025/10/20 09:22:05 [notice] 1#1: start worker process 42
2025/10/20 09:22:05 [notice] 1#1: start worker process 43
2025/10/20 09:22:05 [notice] 1#1: start worker process 44
2025/10/20 09:22:05 [notice] 1#1: start worker process 45
2025/10/20 09:22:05 [notice] 1#1: start worker process 46
2025/10/20 09:23:22 [notice] 1#1: signal 3 (SIGQUIT) received, shutting down
2025/10/20 09:23:22 [notice] 30#30: gracefully shutting down
2025/10/20 09:23:22 [notice] 32#32: gracefully shutting down
2025/10/20 09:23:22 [notice] 30#30: exiting
2025/10/20 09:23:22 [notice] 32#32: exiting
2025/10/20 09:23:22 [notice] 33#33: gracefully shutting down
2025/10/20 09:23:22 [notice] 33#33: exiting
2025/10/20 09:23:22 [notice] 40#40: gracefully shutting down
2025/10/20 09:23:22 [notice] 29#29: gracefully shutting down
2025/10/20 09:23:22 [notice] 40#40: exiting
2025/10/20 09:23:22 [notice] 37#37: gracefully shutting down
2025/10/20 09:23:22 [notice] 43#43: gracefully shutting down
2025/10/20 09:23:22 [notice] 31#31: gracefully shutting down
2025/10/20 09:23:22 [notice] 43#43: exiting
2025/10/20 09:23:22 [notice] 29#29: exiting
2025/10/20 09:23:22 [notice] 31#31: exiting
2025/10/20 09:23:22 [notice] 37#37: exiting
2025/10/20 09:23:22 [notice] 41#41: gracefully shutting down
2025/10/20 09:23:22 [notice] 41#41: exiting
2025/10/20 09:23:22 [notice] 42#42: gracefully shutting down
2025/10/20 09:23:22 [notice] 44#44: gracefully shutting down
2025/10/20 09:23:22 [notice] 38#38: gracefully shutting down
2025/10/20 09:23:22 [notice] 34#34: gracefully shutting down
2025/10/20 09:23:22 [notice] 44#44: exiting
2025/10/20 09:23:22 [notice] 42#42: exiting
2025/10/20 09:23:22 [notice] 34#34: exiting
2025/10/20 09:23:22 [notice] 38#38: exiting
2025/10/20 09:23:22 [notice] 45#45: gracefully shutting down
2025/10/20 09:23:22 [notice] 46#46: gracefully shutting down
2025/10/20 09:23:22 [notice] 45#45: exiting
2025/10/20 09:23:22 [notice] 46#46: exiting
2025/10/20 09:23:22 [notice] 35#35: gracefully shutting down
2025/10/20 09:23:22 [notice] 39#39: gracefully shutting down
2025/10/20 09:23:22 [notice] 35#35: exiting
2025/10/20 09:23:22 [notice] 39#39: exiting
2025/10/20 09:23:22 [notice] 36#36: gracefully shutting down
2025/10/20 09:23:22 [notice] 36#36: exiting
2025/10/20 09:23:22 [notice] 32#32: exit
2025/10/20 09:23:22 [notice] 30#30: exit
2025/10/20 09:23:22 [notice] 36#36: exit
2025/10/20 09:23:22 [notice] 40#40: exit
2025/10/20 09:23:22 [notice] 33#33: exit
2025/10/20 09:23:22 [notice] 41#41: exit
2025/10/20 09:23:22 [notice] 29#29: exit
2025/10/20 09:23:22 [notice] 34#34: exit
2025/10/20 09:23:22 [notice] 31#31: exit
2025/10/20 09:23:22 [notice] 44#44: exit
2025/10/20 09:23:22 [notice] 35#35: exit
2025/10/20 09:23:22 [notice] 43#43: exit
2025/10/20 09:23:22 [notice] 38#38: exit
2025/10/20 09:23:22 [notice] 45#45: exit
2025/10/20 09:23:22 [notice] 39#39: exit
2025/10/20 09:23:22 [notice] 37#37: exit
2025/10/20 09:23:22 [notice] 42#42: exit
2025/10/20 09:23:22 [notice] 46#46: exit
2025/10/20 09:23:23 [notice] 1#1: signal 17 (SIGCHLD) received from 42
2025/10/20 09:23:23 [notice] 1#1: worker process 42 exited with code 0
2025/10/20 09:23:23 [notice] 1#1: signal 29 (SIGIO) received
2025/10/20 09:23:23 [notice] 1#1: signal 17 (SIGCHLD) received from 38
2025/10/20 09:23:23 [notice] 1#1: worker process 30 exited with code 0
2025/10/20 09:23:23 [notice] 1#1: worker process 35 exited with code 0
2025/10/20 09:23:23 [notice] 1#1: worker process 36 exited with code 0
2025/10/20 09:23:23 [notice] 1#1: worker process 37 exited with code 0
2025/10/20 09:23:23 [notice] 1#1: worker process 38 exited with code 0
2025/10/20 09:23:23 [notice] 1#1: worker process 39 exited with code 0
2025/10/20 09:23:23 [notice] 1#1: worker process 44 exited with code 0
2025/10/20 09:23:23 [notice] 1#1: worker process 46 exited with code 0
2025/10/20 09:23:23 [notice] 1#1: signal 29 (SIGIO) received
2025/10/20 09:23:23 [notice] 1#1: signal 17 (SIGCHLD) received from 33
2025/10/20 09:23:23 [notice] 1#1: worker process 33 exited with code 0
2025/10/20 09:23:23 [notice] 1#1: signal 29 (SIGIO) received
2025/10/20 09:23:23 [notice] 1#1: signal 17 (SIGCHLD) received from 34
2025/10/20 09:23:23 [notice] 1#1: worker process 34 exited with code 0
2025/10/20 09:23:23 [notice] 1#1: signal 29 (SIGIO) received
2025/10/20 09:23:23 [notice] 1#1: signal 17 (SIGCHLD) received from 41
2025/10/20 09:23:23 [notice] 1#1: worker process 41 exited with code 0
2025/10/20 09:23:23 [notice] 1#1: signal 29 (SIGIO) received
2025/10/20 09:23:23 [notice] 1#1: signal 17 (SIGCHLD) received from 32
2025/10/20 09:23:23 [notice] 1#1: worker process 32 exited with code 0
2025/10/20 09:23:23 [notice] 1#1: signal 29 (SIGIO) received
2025/10/20 09:23:23 [notice] 1#1: signal 17 (SIGCHLD) received from 40
2025/10/20 09:23:23 [notice] 1#1: worker process 31 exited with code 0
2025/10/20 09:23:23 [notice] 1#1: worker process 40 exited with code 0
2025/10/20 09:23:23 [notice] 1#1: worker process 43 exited with code 0
2025/10/20 09:23:23 [notice] 1#1: worker process 45 exited with code 0
2025/10/20 09:23:23 [notice] 1#1: signal 29 (SIGIO) received
2025/10/20 09:23:23 [notice] 1#1: signal 17 (SIGCHLD) received from 29
2025/10/20 09:23:23 [notice] 1#1: worker process 29 exited with code 0
2025/10/20 09:23:23 [notice] 1#1: exit
2025/10/22 09:07:09 [notice] 1#1: using the "epoll" event method
2025/10/22 09:07:09 [notice] 1#1: nginx/1.29.2
2025/10/22 09:07:09 [notice] 1#1: built by gcc 14.2.0 (Alpine 14.2.0) 
2025/10/22 09:07:09 [notice] 1#1: OS: Linux 6.6.87.2-microsoft-standard-WSL2
2025/10/22 09:07:09 [notice] 1#1: getrlimit(RLIMIT_NOFILE): 1048576:1048576
2025/10/22 09:07:09 [notice] 1#1: start worker processes
2025/10/22 09:07:09 [notice] 1#1: start worker process 29
2025/10/22 09:07:09 [notice] 1#1: start worker process 30
2025/10/22 09:07:09 [notice] 1#1: start worker process 31
2025/10/22 09:07:09 [notice] 1#1: start worker process 32
2025/10/22 09:07:09 [notice] 1#1: start worker process 33
2025/10/22 09:07:09 [notice] 1#1: start worker process 34
2025/10/22 09:07:09 [notice] 1#1: start worker process 35
2025/10/22 09:07:09 [notice] 1#1: start worker process 36
2025/10/22 09:07:09 [notice] 1#1: start worker process 37
2025/10/22 09:07:09 [notice] 1#1: start worker process 38
2025/10/22 09:07:09 [notice] 1#1: start worker process 39
2025/10/22 09:07:09 [notice] 1#1: start worker process 40
2025/10/22 09:07:09 [notice] 1#1: start worker process 41
2025/10/22 09:07:09 [notice] 1#1: start worker process 42
2025/10/22 09:07:09 [notice] 1#1: start worker process 43
2025/10/22 09:07:09 [notice] 1#1: start worker process 44
2025/10/22 09:07:09 [notice] 1#1: start worker process 45
2025/10/22 09:07:09 [notice] 1#1: start worker process 46
2025/10/22 09:18:04 [notice] 1#1: signal 3 (SIGQUIT) received, shutting down
2025/10/22 09:18:04 [notice] 35#35: gracefully shutting down
2025/10/22 09:18:04 [notice] 42#42: gracefully shutting down
2025/10/22 09:18:04 [notice] 35#35: exiting
2025/10/22 09:18:04 [notice] 40#40: gracefully shutting down
2025/10/22 09:18:04 [notice] 42#42: exiting
2025/10/22 09:18:04 [notice] 40#40: exiting
2025/10/22 09:18:04 [notice] 29#29: gracefully shutting down
2025/10/22 09:18:04 [notice] 29#29: exiting
2025/10/22 09:18:04 [notice] 43#43: gracefully shutting down
2025/10/22 09:18:04 [notice] 44#44: gracefully shutting down
2025/10/22 09:18:04 [notice] 43#43: exiting
2025/10/22 09:18:04 [notice] 44#44: exiting
2025/10/22 09:18:04 [notice] 46#46: gracefully shutting down
2025/10/22 09:18:04 [notice] 46#46: exiting
2025/10/22 09:18:04 [notice] 30#30: gracefully shutting down
2025/10/22 09:18:04 [notice] 30#30: exiting
2025/10/22 09:18:04 [notice] 31#31: gracefully shutting down
2025/10/22 09:18:04 [notice] 31#31: exiting
2025/10/22 09:18:04 [notice] 32#32: gracefully shutting down
2025/10/22 09:18:04 [notice] 32#32: exiting
2025/10/22 09:18:04 [notice] 33#33: gracefully shutting down
2025/10/22 09:18:04 [notice] 33#33: exiting
2025/10/22 09:18:04 [notice] 34#34: gracefully shutting down
2025/10/22 09:18:04 [notice] 34#34: exiting
2025/10/22 09:18:04 [notice] 37#37: gracefully shutting down
2025/10/22 09:18:04 [notice] 36#36: gracefully shutting down
2025/10/22 09:18:04 [notice] 37#37: exiting
2025/10/22 09:18:04 [notice] 36#36: exiting
2025/10/22 09:18:04 [notice] 38#38: gracefully shutting down
2025/10/22 09:18:04 [notice] 38#38: exiting
2025/10/22 09:18:04 [notice] 39#39: gracefully shutting down
2025/10/22 09:18:04 [notice] 39#39: exiting
2025/10/22 09:18:04 [notice] 41#41: gracefully shutting down
2025/10/22 09:18:04 [notice] 41#41: exiting
2025/10/22 09:18:04 [notice] 45#45: gracefully shutting down
2025/10/22 09:18:04 [notice] 33#33: exit
2025/10/22 09:18:04 [notice] 35#35: exit
2025/10/22 09:18:04 [notice] 45#45: exiting
2025/10/22 09:18:04 [notice] 41#41: exit
2025/10/22 09:18:04 [notice] 45#45: exit
2025/10/22 09:18:04 [notice] 42#42: exit
2025/10/22 09:18:04 [notice] 29#29: exit
2025/10/22 09:18:04 [notice] 40#40: exit
2025/10/22 09:18:04 [notice] 43#43: exit
2025/10/22 09:18:04 [notice] 37#37: exit
2025/10/22 09:18:04 [notice] 32#32: exit
2025/10/22 09:18:04 [notice] 44#44: exit
2025/10/22 09:18:04 [notice] 38#38: exit
2025/10/22 09:18:04 [notice] 31#31: exit
2025/10/22 09:18:04 [notice] 30#30: exit
2025/10/22 09:18:04 [notice] 46#46: exit
2025/10/22 09:18:04 [notice] 39#39: exit
2025/10/22 09:18:04 [notice] 34#34: exit
2025/10/22 09:18:04 [notice] 36#36: exit
2025/10/22 09:18:04 [notice] 1#1: signal 17 (SIGCHLD) received from 33
2025/10/22 09:18:04 [notice] 1#1: worker process 33 exited with code 0
2025/10/22 09:18:04 [notice] 1#1: signal 29 (SIGIO) received
2025/10/22 09:18:04 [notice] 1#1: signal 17 (SIGCHLD) received from 45
2025/10/22 09:18:04 [notice] 1#1: worker process 45 exited with code 0
2025/10/22 09:18:04 [notice] 1#1: signal 29 (SIGIO) received
2025/10/22 09:18:04 [notice] 1#1: signal 17 (SIGCHLD) received from 42
2025/10/22 09:18:04 [notice] 1#1: worker process 35 exited with code 0
2025/10/22 09:18:04 [notice] 1#1: worker process 41 exited with code 0
2025/10/22 09:18:04 [notice] 1#1: worker process 42 exited with code 0
2025/10/22 09:18:04 [notice] 1#1: worker process 43 exited with code 0
2025/10/22 09:18:04 [notice] 1#1: worker process 46 exited with code 0
2025/10/22 09:18:04 [notice] 1#1: signal 29 (SIGIO) received
2025/10/22 09:18:04 [notice] 1#1: signal 17 (SIGCHLD) received from 43
2025/10/22 09:18:04 [notice] 1#1: worker process 38 exited with code 0
2025/10/22 09:18:04 [notice] 1#1: signal 29 (SIGIO) received
2025/10/22 09:18:04 [notice] 1#1: signal 17 (SIGCHLD) received from 31
2025/10/22 09:18:04 [notice] 1#1: worker process 30 exited with code 0
2025/10/22 09:18:04 [notice] 1#1: worker process 31 exited with code 0
2025/10/22 09:18:04 [notice] 1#1: worker process 32 exited with code 0
2025/10/22 09:18:04 [notice] 1#1: signal 29 (SIGIO) received
2025/10/22 09:18:04 [notice] 1#1: signal 17 (SIGCHLD) received from 29
2025/10/22 09:18:04 [notice] 1#1: worker process 29 exited with code 0
2025/10/22 09:18:04 [notice] 1#1: signal 29 (SIGIO) received
2025/10/22 09:18:04 [notice] 1#1: signal 17 (SIGCHLD) received from 36
2025/10/22 09:18:04 [notice] 1#1: worker process 36 exited with code 0
2025/10/22 09:18:04 [notice] 1#1: worker process 37 exited with code 0
2025/10/22 09:18:04 [notice] 1#1: worker process 40 exited with code 0
2025/10/22 09:18:04 [notice] 1#1: signal 29 (SIGIO) received
2025/10/22 09:18:04 [notice] 1#1: signal 17 (SIGCHLD) received from 37
2025/10/22 09:18:04 [notice] 1#1: signal 17 (SIGCHLD) received from 39
2025/10/22 09:18:04 [notice] 1#1: worker process 34 exited with code 0
2025/10/22 09:18:04 [notice] 1#1: worker process 39 exited with code 0
2025/10/22 09:18:04 [notice] 1#1: signal 29 (SIGIO) received
2025/10/22 09:18:04 [notice] 1#1: signal 17 (SIGCHLD) received from 44
2025/10/22 09:18:04 [notice] 1#1: worker process 44 exited with code 0
2025/10/22 09:18:04 [notice] 1#1: exit
2025/10/29 11:22:51 [emerg] 1#1: "user" directive is not allowed here in /etc/nginx/conf.d/default.conf:1
2025/10/29 11:36:02 [emerg] 1#1: cannot load certificate "/etc/nginx/ssl/cert.pem": BIO_new_file() failed (SSL: error:80000002:system library::No such file or directory:calling fopen(/etc/nginx/ssl/cert.pem, r) error:10000080:BIO routines::no such file)
2025/10/29 11:36:56 [emerg] 1#1: cannot load certificate "/etc/nginx/ssl/cert.pem": BIO_new_file() failed (SSL: error:80000002:system library::No such file or directory:calling fopen(/etc/nginx/ssl/cert.pem, r) error:10000080:BIO routines::no such file)
2025/10/29 11:39:17 [notice] 1#1: using the "epoll" event method
2025/10/29 11:39:17 [notice] 1#1: nginx/1.29.2
2025/10/29 11:39:17 [notice] 1#1: built by gcc 14.2.0 (Alpine 14.2.0) 
2025/10/29 11:39:17 [notice] 1#1: OS: Linux 6.6.87.2-microsoft-standard-WSL2
2025/10/29 11:39:17 [notice] 1#1: getrlimit(RLIMIT_NOFILE): 1048576:1048576
2025/10/29 11:39:17 [notice] 1#1: start worker processes
2025/10/29 11:39:17 [notice] 1#1: start worker process 29
2025/10/29 11:39:17 [notice] 1#1: start worker process 30
2025/10/29 11:39:17 [notice] 1#1: start worker process 31
2025/10/29 11:39:17 [notice] 1#1: start worker process 32
2025/10/29 11:39:17 [notice] 1#1: start worker process 33
2025/10/29 11:39:17 [notice] 1#1: start worker process 34
2025/10/29 11:39:17 [notice] 1#1: start worker process 35
2025/10/29 11:39:17 [notice] 1#1: start worker process 36
2025/10/29 11:39:17 [notice] 1#1: start worker process 37
2025/10/29 11:39:17 [notice] 1#1: start worker process 38
2025/10/29 11:39:17 [notice] 1#1: start worker process 39
2025/10/29 11:39:17 [notice] 1#1: start worker process 40
2025/10/29 11:39:17 [notice] 1#1: start worker process 41
2025/10/29 11:39:17 [notice] 1#1: start worker process 42
2025/10/29 11:39:17 [notice] 1#1: start worker process 43
2025/10/29 11:39:17 [notice] 1#1: start worker process 44
2025/10/29 11:39:17 [notice] 1#1: start worker process 45
2025/10/29 11:39:17 [notice] 1#1: start worker process 46
2025/10/29 11:40:01 [notice] 1#1: signal 3 (SIGQUIT) received, shutting down
2025/10/29 11:40:01 [notice] 34#34: gracefully shutting down
2025/10/29 11:40:01 [notice] 29#29: gracefully shutting down
2025/10/29 11:40:01 [notice] 29#29: exiting
2025/10/29 11:40:01 [notice] 43#43: gracefully shutting down
2025/10/29 11:40:01 [notice] 43#43: exiting
2025/10/29 11:40:01 [notice] 34#34: exiting
2025/10/29 11:40:01 [notice] 29#29: exit
2025/10/29 11:40:01 [notice] 43#43: exit
2025/10/29 11:40:01 [notice] 34#34: exit
2025/10/29 11:40:01 [notice] 32#32: gracefully shutting down
2025/10/29 11:40:01 [notice] 32#32: exiting
2025/10/29 11:40:01 [notice] 44#44: gracefully shutting down
2025/10/29 11:40:01 [notice] 44#44: exiting
2025/10/29 11:40:01 [notice] 32#32: exit
2025/10/29 11:40:01 [notice] 30#30: gracefully shutting down
2025/10/29 11:40:01 [notice] 40#40: gracefully shutting down
2025/10/29 11:40:01 [notice] 30#30: exiting
2025/10/29 11:40:01 [notice] 40#40: exiting
2025/10/29 11:40:01 [notice] 44#44: exit
2025/10/29 11:40:01 [notice] 30#30: exit
2025/10/29 11:40:01 [notice] 40#40: exit
2025/10/29 11:40:01 [notice] 46#46: gracefully shutting down
2025/10/29 11:40:01 [notice] 46#46: exiting
2025/10/29 11:40:01 [notice] 31#31: gracefully shutting down
2025/10/29 11:40:01 [notice] 31#31: exiting
2025/10/29 11:40:01 [notice] 33#33: gracefully shutting down
2025/10/29 11:40:01 [notice] 46#46: exit
2025/10/29 11:40:01 [notice] 33#33: exiting
2025/10/29 11:40:01 [notice] 31#31: exit
2025/10/29 11:40:01 [notice] 35#35: gracefully shutting down
2025/10/29 11:40:01 [notice] 33#33: exit
2025/10/29 11:40:01 [notice] 37#37: gracefully shutting down
2025/10/29 11:40:01 [notice] 37#37: exiting
2025/10/29 11:40:01 [notice] 38#38: gracefully shutting down
2025/10/29 11:40:01 [notice] 35#35: exiting
2025/10/29 11:40:01 [notice] 38#38: exiting
2025/10/29 11:40:01 [notice] 41#41: gracefully shutting down
2025/10/29 11:40:01 [notice] 37#37: exit
2025/10/29 11:40:01 [notice] 41#41: exiting
2025/10/29 11:40:01 [notice] 35#35: exit
2025/10/29 11:40:01 [notice] 38#38: exit
2025/10/29 11:40:01 [notice] 41#41: exit
2025/10/29 11:40:01 [notice] 45#45: gracefully shutting down
2025/10/29 11:40:01 [notice] 45#45: exiting
2025/10/29 11:40:01 [notice] 39#39: gracefully shutting down
2025/10/29 11:40:01 [notice] 36#36: gracefully shutting down
2025/10/29 11:40:01 [notice] 39#39: exiting
2025/10/29 11:40:01 [notice] 36#36: exiting
2025/10/29 11:40:01 [notice] 45#45: exit
2025/10/29 11:40:01 [notice] 36#36: exit
2025/10/29 11:40:01 [notice] 39#39: exit
2025/10/29 11:40:01 [notice] 42#42: gracefully shutting down
2025/10/29 11:40:01 [notice] 42#42: exiting
2025/10/29 11:40:01 [notice] 42#42: exit
2025/10/29 11:40:01 [notice] 1#1: signal 17 (SIGCHLD) received from 29
2025/10/29 11:40:01 [notice] 1#1: worker process 29 exited with code 0
2025/10/29 11:40:01 [notice] 1#1: signal 29 (SIGIO) received
2025/10/29 11:40:01 [notice] 1#1: signal 17 (SIGCHLD) received from 31
2025/10/29 11:40:01 [notice] 1#1: worker process 31 exited with code 0
2025/10/29 11:40:01 [notice] 1#1: worker process 32 exited with code 0
2025/10/29 11:40:01 [notice] 1#1: signal 29 (SIGIO) received
2025/10/29 11:40:01 [notice] 1#1: signal 17 (SIGCHLD) received from 37
2025/10/29 11:40:01 [notice] 1#1: worker process 34 exited with code 0
2025/10/29 11:40:01 [notice] 1#1: worker process 35 exited with code 0
2025/10/29 11:40:01 [notice] 1#1: worker process 36 exited with code 0
2025/10/29 11:40:01 [notice] 1#1: worker process 37 exited with code 0
2025/10/29 11:40:01 [notice] 1#1: worker process 38 exited with code 0
2025/10/29 11:40:01 [notice] 1#1: worker process 41 exited with code 0
2025/10/29 11:40:01 [notice] 1#1: worker process 42 exited with code 0
2025/10/29 11:40:01 [notice] 1#1: worker process 45 exited with code 0
2025/10/29 11:40:01 [notice] 1#1: signal 29 (SIGIO) received
2025/10/29 11:40:01 [notice] 1#1: signal 17 (SIGCHLD) received from 43
2025/10/29 11:40:01 [notice] 1#1: worker process 43 exited with code 0
2025/10/29 11:40:01 [notice] 1#1: signal 29 (SIGIO) received
2025/10/29 11:40:01 [notice] 1#1: signal 17 (SIGCHLD) received from 40
2025/10/29 11:40:01 [notice] 1#1: worker process 33 exited with code 0
2025/10/29 11:40:01 [notice] 1#1: worker process 39 exited with code 0
2025/10/29 11:40:01 [notice] 1#1: worker process 40 exited with code 0
2025/10/29 11:40:01 [notice] 1#1: signal 29 (SIGIO) received
2025/10/29 11:40:01 [notice] 1#1: signal 17 (SIGCHLD) received from 44
2025/10/29 11:40:01 [notice] 1#1: worker process 44 exited with code 0
2025/10/29 11:40:01 [notice] 1#1: signal 29 (SIGIO) received
2025/10/29 11:40:01 [notice] 1#1: signal 17 (SIGCHLD) received from 46
2025/10/29 11:40:01 [notice] 1#1: worker process 46 exited with code 0
2025/10/29 11:40:01 [notice] 1#1: signal 29 (SIGIO) received
2025/10/29 11:40:01 [notice] 1#1: signal 17 (SIGCHLD) received from 30
2025/10/29 11:40:01 [notice] 1#1: worker process 30 exited with code 0
2025/10/29 11:40:01 [notice] 1#1: exit
2025/11/01 22:59:16 [notice] 1#1: using the "epoll" event method
2025/11/01 22:59:16 [notice] 1#1: nginx/1.29.2
2025/11/01 22:59:16 [notice] 1#1: built by gcc 14.2.0 (Alpine 14.2.0) 
2025/11/01 22:59:16 [notice] 1#1: OS: Linux 6.6.87.2-microsoft-standard-WSL2
2025/11/01 22:59:16 [notice] 1#1: getrlimit(RLIMIT_NOFILE): 1048576:1048576
2025/11/01 22:59:16 [notice] 1#1: start worker processes
2025/11/01 22:59:16 [notice] 1#1: start worker process 29
2025/11/01 22:59:16 [notice] 1#1: start worker process 30
2025/11/01 22:59:16 [notice] 1#1: start worker process 31
2025/11/01 22:59:16 [notice] 1#1: start worker process 32
2025/11/01 22:59:16 [notice] 1#1: start worker process 33
2025/11/01 22:59:16 [notice] 1#1: start worker process 34
2025/11/01 22:59:16 [notice] 1#1: start worker process 35
2025/11/01 22:59:16 [notice] 1#1: start worker process 36
2025/11/01 22:59:16 [notice] 1#1: start worker process 37
2025/11/01 22:59:16 [notice] 1#1: start worker process 38
2025/11/01 22:59:16 [notice] 1#1: start worker process 39
2025/11/01 22:59:16 [notice] 1#1: start worker process 40
2025/11/01 22:59:16 [notice] 1#1: start worker process 41
2025/11/01 22:59:16 [notice] 1#1: start worker process 42
2025/11/01 22:59:16 [notice] 1#1: start worker process 43
2025/11/01 22:59:16 [notice] 1#1: start worker process 44
2025/11/01 22:59:16 [notice] 1#1: start worker process 45
2025/11/01 22:59:16 [notice] 1#1: start worker process 46
2025/11/01 23:01:50 [notice] 1#1: signal 3 (SIGQUIT) received, shutting down
2025/11/01 23:01:50 [notice] 30#30: gracefully shutting down
2025/11/01 23:01:50 [notice] 30#30: exiting
2025/11/01 23:01:50 [notice] 29#29: gracefully shutting down
2025/11/01 23:01:50 [notice] 40#40: gracefully shutting down
2025/11/01 23:01:50 [notice] 29#29: exiting
2025/11/01 23:01:50 [notice] 40#40: exiting
2025/11/01 23:01:50 [notice] 30#30: exit
2025/11/01 23:01:50 [notice] 29#29: exit
2025/11/01 23:01:50 [notice] 40#40: exit
2025/11/01 23:01:50 [notice] 41#41: gracefully shutting down
2025/11/01 23:01:50 [notice] 41#41: exiting
2025/11/01 23:01:50 [notice] 31#31: gracefully shutting down
2025/11/01 23:01:50 [notice] 31#31: exiting
2025/11/01 23:01:50 [notice] 41#41: exit
2025/11/01 23:01:50 [notice] 33#33: gracefully shutting down
2025/11/01 23:01:50 [notice] 31#31: exit
2025/11/01 23:01:50 [notice] 33#33: exiting
2025/11/01 23:01:50 [notice] 42#42: gracefully shutting down
2025/11/01 23:01:50 [notice] 42#42: exiting
2025/11/01 23:01:50 [notice] 32#32: gracefully shutting down
2025/11/01 23:01:50 [notice] 32#32: exiting
2025/11/01 23:01:50 [notice] 33#33: exit
2025/11/01 23:01:50 [notice] 42#42: exit
2025/11/01 23:01:50 [notice] 32#32: exit
2025/11/01 23:01:50 [notice] 43#43: gracefully shutting down
2025/11/01 23:01:50 [notice] 43#43: exiting
2025/11/01 23:01:50 [notice] 43#43: exit
2025/11/01 23:01:50 [notice] 44#44: gracefully shutting down
2025/11/01 23:01:50 [notice] 44#44: exiting
2025/11/01 23:01:50 [notice] 44#44: exit
2025/11/01 23:01:50 [notice] 34#34: gracefully shutting down
2025/11/01 23:01:50 [notice] 34#34: exiting
2025/11/01 23:01:50 [notice] 45#45: gracefully shutting down
2025/11/01 23:01:50 [notice] 45#45: exiting
2025/11/01 23:01:50 [notice] 46#46: gracefully shutting down
2025/11/01 23:01:50 [notice] 46#46: exiting
2025/11/01 23:01:50 [notice] 45#45: exit
2025/11/01 23:01:50 [notice] 34#34: exit
2025/11/01 23:01:50 [notice] 46#46: exit
2025/11/01 23:01:50 [notice] 38#38: gracefully shutting down
2025/11/01 23:01:50 [notice] 38#38: exiting
2025/11/01 23:01:50 [notice] 35#35: gracefully shutting down
2025/11/01 23:01:50 [notice] 35#35: exiting
2025/11/01 23:01:50 [notice] 36#36: gracefully shutting down
2025/11/01 23:01:50 [notice] 36#36: exiting
2025/11/01 23:01:50 [notice] 35#35: exit
2025/11/01 23:01:50 [notice] 38#38: exit
2025/11/01 23:01:50 [notice] 36#36: exit
2025/11/01 23:01:50 [notice] 39#39: gracefully shutting down
2025/11/01 23:01:50 [notice] 39#39: exiting
2025/11/01 23:01:50 [notice] 39#39: exit
2025/11/01 23:01:50 [notice] 37#37: gracefully shutting down
2025/11/01 23:01:50 [notice] 37#37: exiting
2025/11/01 23:01:50 [notice] 37#37: exit
2025/11/01 23:01:50 [notice] 1#1: signal 17 (SIGCHLD) received from 40
2025/11/01 23:01:50 [notice] 1#1: worker process 30 exited with code 0
2025/11/01 23:01:50 [notice] 1#1: worker process 40 exited with code 0
2025/11/01 23:01:50 [notice] 1#1: worker process 42 exited with code 0
2025/11/01 23:01:50 [notice] 1#1: signal 29 (SIGIO) received
2025/11/01 23:01:50 [notice] 1#1: signal 17 (SIGCHLD) received from 34
2025/11/01 23:01:50 [notice] 1#1: worker process 34 exited with code 0
2025/11/01 23:01:50 [notice] 1#1: signal 29 (SIGIO) received
2025/11/01 23:01:50 [notice] 1#1: signal 17 (SIGCHLD) received from 29
2025/11/01 23:01:50 [notice] 1#1: worker process 29 exited with code 0
2025/11/01 23:01:50 [notice] 1#1: worker process 31 exited with code 0
2025/11/01 23:01:50 [notice] 1#1: worker process 38 exited with code 0
2025/11/01 23:01:50 [notice] 1#1: worker process 44 exited with code 0
2025/11/01 23:01:50 [notice] 1#1: signal 29 (SIGIO) received
2025/11/01 23:01:50 [notice] 1#1: signal 17 (SIGCHLD) received from 43
2025/11/01 23:01:50 [notice] 1#1: worker process 43 exited with code 0
2025/11/01 23:01:50 [notice] 1#1: signal 29 (SIGIO) received
2025/11/01 23:01:50 [notice] 1#1: signal 17 (SIGCHLD) received from 35
2025/11/01 23:01:50 [notice] 1#1: worker process 35 exited with code 0
2025/11/01 23:01:50 [notice] 1#1: worker process 39 exited with code 0
2025/11/01 23:01:50 [notice] 1#1: signal 29 (SIGIO) received
2025/11/01 23:01:50 [notice] 1#1: signal 17 (SIGCHLD) received from 32
2025/11/01 23:01:50 [notice] 1#1: worker process 32 exited with code 0
2025/11/01 23:01:50 [notice] 1#1: worker process 36 exited with code 0
2025/11/01 23:01:50 [notice] 1#1: signal 29 (SIGIO) received
2025/11/01 23:01:50 [notice] 1#1: signal 17 (SIGCHLD) received from 37
2025/11/01 23:01:50 [notice] 1#1: worker process 37 exited with code 0
2025/11/01 23:01:50 [notice] 1#1: worker process 41 exited with code 0
2025/11/01 23:01:50 [notice] 1#1: signal 29 (SIGIO) received
2025/11/01 23:01:50 [notice] 1#1: signal 17 (SIGCHLD) received from 33
2025/11/01 23:01:50 [notice] 1#1: worker process 33 exited with code 0
2025/11/01 23:01:50 [notice] 1#1: signal 29 (SIGIO) received
2025/11/01 23:01:50 [notice] 1#1: signal 17 (SIGCHLD) received from 46
2025/11/01 23:01:50 [notice] 1#1: worker process 46 exited with code 0
2025/11/01 23:01:50 [notice] 1#1: signal 29 (SIGIO) received
2025/11/01 23:01:50 [notice] 1#1: signal 17 (SIGCHLD) received from 45
2025/11/01 23:01:50 [notice] 1#1: worker process 45 exited with code 0
2025/11/01 23:01:50 [notice] 1#1: exit
2025/11/09 13:38:02 [notice] 1#1: using the "epoll" event method
2025/11/09 13:38:02 [notice] 1#1: nginx/1.29.2
2025/11/09 13:38:02 [notice] 1#1: built by gcc 14.2.0 (Alpine 14.2.0) 
2025/11/09 13:38:02 [notice] 1#1: OS: Linux 6.6.87.2-microsoft-standard-WSL2
2025/11/09 13:38:02 [notice] 1#1: getrlimit(RLIMIT_NOFILE): 1048576:1048576
2025/11/09 13:38:02 [notice] 1#1: start worker processes
2025/11/09 13:38:02 [notice] 1#1: start worker process 29
2025/11/09 13:38:02 [notice] 1#1: start worker process 30
2025/11/09 13:38:02 [notice] 1#1: start worker process 31
2025/11/09 13:38:02 [notice] 1#1: start worker process 32
2025/11/09 13:38:02 [notice] 1#1: start worker process 33
2025/11/09 13:38:02 [notice] 1#1: start worker process 34
2025/11/09 13:38:02 [notice] 1#1: start worker process 35
2025/11/09 13:38:02 [notice] 1#1: start worker process 36
2025/11/09 13:38:02 [notice] 1#1: start worker process 37
2025/11/09 13:38:02 [notice] 1#1: start worker process 38
2025/11/09 13:38:02 [notice] 1#1: start worker process 39
2025/11/09 13:38:02 [notice] 1#1: start worker process 40
2025/11/09 13:38:02 [notice] 1#1: start worker process 41
2025/11/09 13:38:02 [notice] 1#1: start worker process 42
2025/11/09 13:38:02 [notice] 1#1: start worker process 43
2025/11/09 13:38:02 [notice] 1#1: start worker process 44
2025/11/09 13:38:02 [notice] 1#1: start worker process 45
2025/11/09 13:38:02 [notice] 1#1: start worker process 46
2025/11/09 13:44:19 [notice] 1#1: signal 3 (SIGQUIT) received, shutting down
2025/11/09 13:44:19 [notice] 29#29: gracefully shutting down
2025/11/09 13:44:19 [notice] 29#29: exiting
2025/11/09 13:44:19 [notice] 31#31: gracefully shutting down
2025/11/09 13:44:19 [notice] 32#32: gracefully shutting down
2025/11/09 13:44:19 [notice] 31#31: exiting
2025/11/09 13:44:19 [notice] 32#32: exiting
2025/11/09 13:44:19 [notice] 33#33: gracefully shutting down
2025/11/09 13:44:19 [notice] 33#33: exiting
2025/11/09 13:44:19 [notice] 30#30: gracefully shutting down
2025/11/09 13:44:19 [notice] 35#35: gracefully shutting down
2025/11/09 13:44:19 [notice] 35#35: exiting
2025/11/09 13:44:19 [notice] 30#30: exiting
2025/11/09 13:44:19 [notice] 29#29: exit
2025/11/09 13:44:19 [notice] 32#32: exit
2025/11/09 13:44:19 [notice] 31#31: exit
2025/11/09 13:44:19 [notice] 35#35: exit
2025/11/09 13:44:19 [notice] 33#33: exit
2025/11/09 13:44:19 [notice] 30#30: exit
2025/11/09 13:44:19 [notice] 41#41: gracefully shutting down
2025/11/09 13:44:19 [notice] 40#40: gracefully shutting down
2025/11/09 13:44:19 [notice] 36#36: gracefully shutting down
2025/11/09 13:44:19 [notice] 42#42: gracefully shutting down
2025/11/09 13:44:19 [notice] 41#41: exiting
2025/11/09 13:44:19 [notice] 40#40: exiting
2025/11/09 13:44:19 [notice] 36#36: exiting
2025/11/09 13:44:19 [notice] 41#41: exit
2025/11/09 13:44:19 [notice] 40#40: exit
2025/11/09 13:44:19 [notice] 36#36: exit
2025/11/09 13:44:19 [notice] 34#34: gracefully shutting down
2025/11/09 13:44:19 [notice] 44#44: gracefully shutting down
2025/11/09 13:44:19 [notice] 34#34: exiting
2025/11/09 13:44:19 [notice] 44#44: exiting
2025/11/09 13:44:19 [notice] 42#42: exiting
2025/11/09 13:44:19 [notice] 34#34: exit
2025/11/09 13:44:19 [notice] 44#44: exit
2025/11/09 13:44:19 [notice] 45#45: gracefully shutting down
2025/11/09 13:44:19 [notice] 46#46: gracefully shutting down
2025/11/09 13:44:19 [notice] 45#45: exiting
2025/11/09 13:44:19 [notice] 46#46: exiting
2025/11/09 13:44:19 [notice] 42#42: exit
2025/11/09 13:44:19 [notice] 39#39: gracefully shutting down
2025/11/09 13:44:19 [notice] 37#37: gracefully shutting down
2025/11/09 13:44:19 [notice] 39#39: exiting
2025/11/09 13:44:19 [notice] 37#37: exiting
2025/11/09 13:44:19 [notice] 46#46: exit
2025/11/09 13:44:19 [notice] 45#45: exit
2025/11/09 13:44:19 [notice] 37#37: exit
2025/11/09 13:44:19 [notice] 39#39: exit
2025/11/09 13:44:19 [notice] 38#38: gracefully shutting down
2025/11/09 13:44:19 [notice] 38#38: exiting
2025/11/09 13:44:19 [notice] 43#43: gracefully shutting down
2025/11/09 13:44:19 [notice] 43#43: exiting
2025/11/09 13:44:19 [notice] 38#38: exit
2025/11/09 13:44:19 [notice] 43#43: exit
2025/11/09 13:44:19 [notice] 1#1: signal 17 (SIGCHLD) received from 33
2025/11/09 13:44:19 [notice] 1#1: worker process 33 exited with code 0
2025/11/09 13:44:19 [notice] 1#1: signal 29 (SIGIO) received
2025/11/09 13:44:19 [notice] 1#1: signal 17 (SIGCHLD) received from 37
2025/11/09 13:44:19 [notice] 1#1: worker process 31 exited with code 0
2025/11/09 13:44:19 [notice] 1#1: worker process 37 exited with code 0
2025/11/09 13:44:19 [notice] 1#1: worker process 46 exited with code 0
2025/11/09 13:44:19 [notice] 1#1: signal 29 (SIGIO) received
2025/11/09 13:44:19 [notice] 1#1: signal 17 (SIGCHLD) received from 36
2025/11/09 13:44:19 [notice] 1#1: worker process 36 exited with code 0
2025/11/09 13:44:19 [notice] 1#1: signal 29 (SIGIO) received
2025/11/09 13:44:19 [notice] 1#1: signal 17 (SIGCHLD) received from 32
2025/11/09 13:44:19 [notice] 1#1: worker process 32 exited with code 0
2025/11/09 13:44:19 [notice] 1#1: signal 29 (SIGIO) received
2025/11/09 13:44:19 [notice] 1#1: signal 17 (SIGCHLD) received from 34
2025/11/09 13:44:19 [notice] 1#1: worker process 34 exited with code 0
2025/11/09 13:44:19 [notice] 1#1: worker process 43 exited with code 0
2025/11/09 13:44:19 [notice] 1#1: signal 29 (SIGIO) received
2025/11/09 13:44:19 [notice] 1#1: signal 17 (SIGCHLD) received from 41
2025/11/09 13:44:19 [notice] 1#1: worker process 30 exited with code 0
2025/11/09 13:44:19 [notice] 1#1: worker process 29 exited with code 0
2025/11/09 13:44:19 [notice] 1#1: worker process 38 exited with code 0
2025/11/09 13:44:19 [notice] 1#1: worker process 41 exited with code 0
2025/11/09 13:44:19 [notice] 1#1: signal 29 (SIGIO) received
2025/11/09 13:44:19 [notice] 1#1: signal 17 (SIGCHLD) received from 38
2025/11/09 13:44:19 [notice] 1#1: worker process 39 exited with code 0
2025/11/09 13:44:19 [notice] 1#1: signal 29 (SIGIO) received
2025/11/09 13:44:19 [notice] 1#1: signal 17 (SIGCHLD) received from 40
2025/11/09 13:44:19 [notice] 1#1: worker process 40 exited with code 0
2025/11/09 13:44:19 [notice] 1#1: signal 29 (SIGIO) received
2025/11/09 13:44:19 [notice] 1#1: signal 17 (SIGCHLD) received from 42
2025/11/09 13:44:19 [notice] 1#1: worker process 35 exited with code 0
2025/11/09 13:44:19 [notice] 1#1: worker process 42 exited with code 0
2025/11/09 13:44:19 [notice] 1#1: worker process 44 exited with code 0
2025/11/09 13:44:19 [notice] 1#1: worker process 45 exited with code 0
2025/11/09 13:44:19 [notice] 1#1: exit
2025/11/10 06:09:33 [notice] 1#1: using the "epoll" event method
2025/11/10 06:09:33 [notice] 1#1: nginx/1.29.2
2025/11/10 06:09:33 [notice] 1#1: built by gcc 14.2.0 (Alpine 14.2.0) 
2025/11/10 06:09:33 [notice] 1#1: OS: Linux 6.6.87.2-microsoft-standard-WSL2
2025/11/10 06:09:33 [notice] 1#1: getrlimit(RLIMIT_NOFILE): 1048576:1048576
2025/11/10 06:09:33 [notice] 1#1: start worker processes
2025/11/10 06:09:33 [notice] 1#1: start worker process 29
2025/11/10 06:09:33 [notice] 1#1: start worker process 30
2025/11/10 06:09:33 [notice] 1#1: start worker process 31
2025/11/10 06:09:33 [notice] 1#1: start worker process 32
2025/11/10 06:09:33 [notice] 1#1: start worker process 33
2025/11/10 06:09:33 [notice] 1#1: start worker process 34
2025/11/10 06:09:33 [notice] 1#1: start worker process 35
2025/11/10 06:09:33 [notice] 1#1: start worker process 36
2025/11/10 06:09:33 [notice] 1#1: start worker process 37
2025/11/10 06:09:33 [notice] 1#1: start worker process 38
2025/11/10 06:09:33 [notice] 1#1: start worker process 39
2025/11/10 06:09:33 [notice] 1#1: start worker process 40
2025/11/10 06:09:33 [notice] 1#1: start worker process 41
2025/11/10 06:09:33 [notice] 1#1: start worker process 42
2025/11/10 06:09:33 [notice] 1#1: start worker process 43
2025/11/10 06:09:33 [notice] 1#1: start worker process 44
2025/11/10 06:09:33 [notice] 1#1: start worker process 45
2025/11/10 06:09:33 [notice] 1#1: start worker process 46
2025/11/10 06:12:54 [notice] 1#1: signal 3 (SIGQUIT) received, shutting down
2025/11/10 06:12:54 [notice] 29#29: gracefully shutting down
2025/11/10 06:12:54 [notice] 29#29: exiting
2025/11/10 06:12:54 [notice] 40#40: gracefully shutting down
2025/11/10 06:12:54 [notice] 40#40: exiting
2025/11/10 06:12:54 [notice] 31#31: gracefully shutting down
2025/11/10 06:12:54 [notice] 31#31: exiting
2025/11/10 06:12:54 [notice] 29#29: exit
2025/11/10 06:12:54 [notice] 40#40: exit
2025/11/10 06:12:54 [notice] 31#31: exit
2025/11/10 06:12:54 [notice] 30#30: gracefully shutting down
2025/11/10 06:12:54 [notice] 30#30: exiting
2025/11/10 06:12:54 [notice] 33#33: gracefully shutting down
2025/11/10 06:12:54 [notice] 33#33: exiting
2025/11/10 06:12:54 [notice] 30#30: exit
2025/11/10 06:12:54 [notice] 33#33: exit
2025/11/10 06:12:54 [notice] 43#43: gracefully shutting down
2025/11/10 06:12:54 [notice] 43#43: exiting
2025/11/10 06:12:54 [notice] 44#44: gracefully shutting down
2025/11/10 06:12:54 [notice] 45#45: gracefully shutting down
2025/11/10 06:12:54 [notice] 44#44: exiting
2025/11/10 06:12:54 [notice] 45#45: exiting
2025/11/10 06:12:54 [notice] 43#43: exit
2025/11/10 06:12:54 [notice] 42#42: gracefully shutting down
2025/11/10 06:12:54 [notice] 42#42: exiting
2025/11/10 06:12:54 [notice] 44#44: exit
2025/11/10 06:12:54 [notice] 45#45: exit
2025/11/10 06:12:54 [notice] 46#46: gracefully shutting down
2025/11/10 06:12:54 [notice] 46#46: exiting
2025/11/10 06:12:54 [notice] 42#42: exit
2025/11/10 06:12:54 [notice] 46#46: exit
2025/11/10 06:12:54 [notice] 32#32: gracefully shutting down
2025/11/10 06:12:54 [notice] 32#32: exiting
2025/11/10 06:12:54 [notice] 35#35: gracefully shutting down
2025/11/10 06:12:54 [notice] 35#35: exiting
2025/11/10 06:12:54 [notice] 32#32: exit
2025/11/10 06:12:54 [notice] 35#35: exit
2025/11/10 06:12:54 [notice] 34#34: gracefully shutting down
2025/11/10 06:12:54 [notice] 34#34: exiting
2025/11/10 06:12:54 [notice] 36#36: gracefully shutting down
2025/11/10 06:12:54 [notice] 36#36: exiting
2025/11/10 06:12:54 [notice] 37#37: gracefully shutting down
2025/11/10 06:12:54 [notice] 37#37: exiting
2025/11/10 06:12:54 [notice] 37#37: exit
2025/11/10 06:12:54 [notice] 38#38: gracefully shutting down
2025/11/10 06:12:54 [notice] 38#38: exiting
2025/11/10 06:12:54 [notice] 38#38: exit
2025/11/10 06:12:54 [notice] 39#39: gracefully shutting down
2025/11/10 06:12:54 [notice] 39#39: exiting
2025/11/10 06:12:54 [notice] 41#41: gracefully shutting down
2025/11/10 06:12:54 [notice] 41#41: exiting
2025/11/10 06:12:54 [notice] 39#39: exit
2025/11/10 06:12:54 [notice] 36#36: exit
2025/11/10 06:12:54 [notice] 34#34: exit
2025/11/10 06:12:54 [notice] 41#41: exit
2025/11/10 06:12:54 [notice] 1#1: signal 17 (SIGCHLD) received from 41
2025/11/10 06:12:54 [notice] 1#1: worker process 41 exited with code 0
2025/11/10 06:12:54 [notice] 1#1: signal 29 (SIGIO) received
2025/11/10 06:12:54 [notice] 1#1: signal 17 (SIGCHLD) received from 38
2025/11/10 06:12:54 [notice] 1#1: worker process 38 exited with code 0
2025/11/10 06:12:54 [notice] 1#1: signal 29 (SIGIO) received
2025/11/10 06:12:54 [notice] 1#1: signal 17 (SIGCHLD) received from 39
2025/11/10 06:12:54 [notice] 1#1: worker process 39 exited with code 0
2025/11/10 06:12:54 [notice] 1#1: signal 29 (SIGIO) received
2025/11/10 06:12:54 [notice] 1#1: signal 17 (SIGCHLD) received from 30
2025/11/10 06:12:54 [notice] 1#1: worker process 30 exited with code 0
2025/11/10 06:12:54 [notice] 1#1: signal 29 (SIGIO) received
2025/11/10 06:12:54 [notice] 1#1: signal 17 (SIGCHLD) received from 32
2025/11/10 06:12:54 [notice] 1#1: worker process 32 exited with code 0
2025/11/10 06:12:54 [notice] 1#1: worker process 36 exited with code 0
2025/11/10 06:12:54 [notice] 1#1: worker process 37 exited with code 0
2025/11/10 06:12:54 [notice] 1#1: worker process 44 exited with code 0
2025/11/10 06:12:54 [notice] 1#1: signal 29 (SIGIO) received
2025/11/10 06:12:54 [notice] 1#1: signal 17 (SIGCHLD) received from 42
2025/11/10 06:12:54 [notice] 1#1: worker process 29 exited with code 0
2025/11/10 06:12:54 [notice] 1#1: worker process 40 exited with code 0
2025/11/10 06:12:54 [notice] 1#1: worker process 42 exited with code 0
2025/11/10 06:12:54 [notice] 1#1: worker process 45 exited with code 0
2025/11/10 06:12:54 [notice] 1#1: signal 29 (SIGIO) received
2025/11/10 06:12:54 [notice] 1#1: signal 17 (SIGCHLD) received from 43
2025/11/10 06:12:54 [notice] 1#1: worker process 43 exited with code 0
2025/11/10 06:12:54 [notice] 1#1: signal 29 (SIGIO) received
2025/11/10 06:12:54 [notice] 1#1: signal 17 (SIGCHLD) received from 35
2025/11/10 06:12:54 [notice] 1#1: worker process 35 exited with code 0
2025/11/10 06:12:54 [notice] 1#1: worker process 46 exited with code 0
2025/11/10 06:12:54 [notice] 1#1: signal 29 (SIGIO) received
2025/11/10 06:12:54 [notice] 1#1: signal 17 (SIGCHLD) received from 33
2025/11/10 06:12:54 [notice] 1#1: worker process 33 exited with code 0
2025/11/10 06:12:54 [notice] 1#1: worker process 34 exited with code 0
2025/11/10 06:12:54 [notice] 1#1: signal 29 (SIGIO) received
2025/11/10 06:12:54 [notice] 1#1: signal 17 (SIGCHLD) received from 31
2025/11/10 06:12:54 [notice] 1#1: worker process 31 exited with code 0
2025/11/10 06:12:54 [notice] 1#1: exit
2025/11/10 06:18:13 [notice] 1#1: using the "epoll" event method
2025/11/10 06:18:13 [notice] 1#1: nginx/1.29.2
2025/11/10 06:18:13 [notice] 1#1: built by gcc 14.2.0 (Alpine 14.2.0) 
2025/11/10 06:18:13 [notice] 1#1: OS: Linux 6.6.87.2-microsoft-standard-WSL2
2025/11/10 06:18:13 [notice] 1#1: getrlimit(RLIMIT_NOFILE): 1048576:1048576
2025/11/10 06:18:13 [notice] 1#1: start worker processes
2025/11/10 06:18:13 [notice] 1#1: start worker process 29
2025/11/10 06:18:13 [notice] 1#1: start worker process 30
2025/11/10 06:18:13 [notice] 1#1: start worker process 31
2025/11/10 06:18:13 [notice] 1#1: start worker process 32
2025/11/10 06:18:13 [notice] 1#1: start worker process 33
2025/11/10 06:18:13 [notice] 1#1: start worker process 34
2025/11/10 06:18:13 [notice] 1#1: start worker process 35
2025/11/10 06:18:13 [notice] 1#1: start worker process 36
2025/11/10 06:18:13 [notice] 1#1: start worker process 37
2025/11/10 06:18:13 [notice] 1#1: start worker process 38
2025/11/10 06:18:13 [notice] 1#1: start worker process 39
2025/11/10 06:18:13 [notice] 1#1: start worker process 40
2025/11/10 06:18:13 [notice] 1#1: start worker process 41
2025/11/10 06:18:13 [notice] 1#1: start worker process 42
2025/11/10 06:18:13 [notice] 1#1: start worker process 43
2025/11/10 06:18:13 [notice] 1#1: start worker process 44
2025/11/10 06:18:13 [notice] 1#1: start worker process 45
2025/11/10 06:18:13 [notice] 1#1: start worker process 46
2025/11/10 06:25:24 [notice] 1#1: signal 3 (SIGQUIT) received, shutting down
2025/11/10 06:25:24 [notice] 29#29: gracefully shutting down
2025/11/10 06:25:24 [notice] 29#29: exiting
2025/11/10 06:25:24 [notice] 40#40: gracefully shutting down
2025/11/10 06:25:24 [notice] 40#40: exiting
2025/11/10 06:25:24 [notice] 30#30: gracefully shutting down
2025/11/10 06:25:24 [notice] 30#30: exiting
2025/11/10 06:25:24 [notice] 42#42: gracefully shutting down
2025/11/10 06:25:24 [notice] 42#42: exiting
2025/11/10 06:25:24 [notice] 43#43: gracefully shutting down
2025/11/10 06:25:24 [notice] 43#43: exiting
2025/11/10 06:25:24 [notice] 44#44: gracefully shutting down
2025/11/10 06:25:24 [notice] 44#44: exiting
2025/11/10 06:25:24 [notice] 45#45: gracefully shutting down
2025/11/10 06:25:24 [notice] 45#45: exiting
2025/11/10 06:25:24 [notice] 46#46: gracefully shutting down
2025/11/10 06:25:24 [notice] 46#46: exiting
2025/11/10 06:25:24 [notice] 31#31: gracefully shutting down
2025/11/10 06:25:24 [notice] 32#32: gracefully shutting down
2025/11/10 06:25:24 [notice] 31#31: exiting
2025/11/10 06:25:24 [notice] 32#32: exiting
2025/11/10 06:25:24 [notice] 33#33: gracefully shutting down
2025/11/10 06:25:24 [notice] 33#33: exiting
2025/11/10 06:25:24 [notice] 34#34: gracefully shutting down
2025/11/10 06:25:24 [notice] 34#34: exiting
2025/11/10 06:25:24 [notice] 35#35: gracefully shutting down
2025/11/10 06:25:24 [notice] 35#35: exiting
2025/11/10 06:25:24 [notice] 36#36: gracefully shutting down
2025/11/10 06:25:24 [notice] 36#36: exiting
2025/11/10 06:25:24 [notice] 37#37: gracefully shutting down
2025/11/10 06:25:24 [notice] 37#37: exiting
2025/11/10 06:25:24 [notice] 38#38: gracefully shutting down
2025/11/10 06:25:24 [notice] 41#41: gracefully shutting down
2025/11/10 06:25:24 [notice] 38#38: exiting
2025/11/10 06:25:24 [notice] 41#41: exiting
2025/11/10 06:25:24 [notice] 39#39: gracefully shutting down
2025/11/10 06:25:24 [notice] 39#39: exiting
2025/11/10 06:25:24 [notice] 40#40: exit
2025/11/10 06:25:24 [notice] 30#30: exit
2025/11/10 06:25:24 [notice] 42#42: exit
2025/11/10 06:25:24 [notice] 43#43: exit
2025/11/10 06:25:24 [notice] 46#46: exit
2025/11/10 06:25:24 [notice] 35#35: exit
2025/11/10 06:25:24 [notice] 36#36: exit
2025/11/10 06:25:24 [notice] 41#41: exit
2025/11/10 06:25:24 [notice] 31#31: exit
2025/11/10 06:25:24 [notice] 38#38: exit
2025/11/10 06:25:24 [notice] 37#37: exit
2025/11/10 06:25:24 [notice] 39#39: exit
2025/11/10 06:25:24 [notice] 33#33: exit
2025/11/10 06:25:24 [notice] 45#45: exit
2025/11/10 06:25:24 [notice] 34#34: exit
2025/11/10 06:25:24 [notice] 32#32: exit
2025/11/10 06:25:24 [notice] 44#44: exit
2025/11/10 06:25:24 [notice] 29#29: exit
2025/11/10 06:25:24 [notice] 1#1: signal 17 (SIGCHLD) received from 44
2025/11/10 06:25:24 [notice] 1#1: worker process 44 exited with code 0
2025/11/10 06:25:24 [notice] 1#1: signal 29 (SIGIO) received
2025/11/10 06:25:24 [notice] 1#1: signal 17 (SIGCHLD) received from 33
2025/11/10 06:25:24 [notice] 1#1: worker process 33 exited with code 0
2025/11/10 06:25:24 [notice] 1#1: worker process 34 exited with code 0
2025/11/10 06:25:24 [notice] 1#1: worker process 39 exited with code 0
2025/11/10 06:25:24 [notice] 1#1: signal 29 (SIGIO) received
2025/11/10 06:25:24 [notice] 1#1: signal 17 (SIGCHLD) received from 34
2025/11/10 06:25:24 [notice] 1#1: signal 17 (SIGCHLD) received from 31
2025/11/10 06:25:24 [notice] 1#1: worker process 29 exited with code 0
2025/11/10 06:25:24 [notice] 1#1: worker process 30 exited with code 0
2025/11/10 06:25:24 [notice] 1#1: worker process 31 exited with code 0
2025/11/10 06:25:24 [notice] 1#1: worker process 32 exited with code 0
2025/11/10 06:25:24 [notice] 1#1: worker process 35 exited with code 0
2025/11/10 06:25:24 [notice] 1#1: worker process 38 exited with code 0
2025/11/10 06:25:24 [notice] 1#1: worker process 40 exited with code 0
2025/11/10 06:25:24 [notice] 1#1: worker process 41 exited with code 0
2025/11/10 06:25:24 [notice] 1#1: worker process 43 exited with code 0
2025/11/10 06:25:24 [notice] 1#1: worker process 46 exited with code 0
2025/11/10 06:25:24 [notice] 1#1: signal 29 (SIGIO) received
2025/11/10 06:25:24 [notice] 1#1: signal 17 (SIGCHLD) received from 46
2025/11/10 06:25:24 [notice] 1#1: signal 17 (SIGCHLD) received from 42
2025/11/10 06:25:24 [notice] 1#1: worker process 36 exited with code 0
2025/11/10 06:25:24 [notice] 1#1: worker process 42 exited with code 0
2025/11/10 06:25:24 [notice] 1#1: signal 29 (SIGIO) received
2025/11/10 06:25:24 [notice] 1#1: signal 17 (SIGCHLD) received from 45
2025/11/10 06:25:24 [notice] 1#1: worker process 37 exited with code 0
2025/11/10 06:25:24 [notice] 1#1: worker process 45 exited with code 0
2025/11/10 06:25:24 [notice] 1#1: exit
2025/11/10 06:27:20 [notice] 1#1: using the "epoll" event method
2025/11/10 06:27:20 [notice] 1#1: nginx/1.29.2
2025/11/10 06:27:20 [notice] 1#1: built by gcc 14.2.0 (Alpine 14.2.0) 
2025/11/10 06:27:20 [notice] 1#1: OS: Linux 6.6.87.2-microsoft-standard-WSL2
2025/11/10 06:27:20 [notice] 1#1: getrlimit(RLIMIT_NOFILE): 1048576:1048576
2025/11/10 06:27:20 [notice] 1#1: start worker processes
2025/11/10 06:27:20 [notice] 1#1: start worker process 29
2025/11/10 06:27:20 [notice] 1#1: start worker process 30
2025/11/10 06:27:20 [notice] 1#1: start worker process 31
2025/11/10 06:27:20 [notice] 1#1: start worker process 32
2025/11/10 06:27:20 [notice] 1#1: start worker process 33
2025/11/10 06:27:20 [notice] 1#1: start worker process 34
2025/11/10 06:27:20 [notice] 1#1: start worker process 35
2025/11/10 06:27:20 [notice] 1#1: start worker process 36
2025/11/10 06:27:20 [notice] 1#1: start worker process 37
2025/11/10 06:27:20 [notice] 1#1: start worker process 38
2025/11/10 06:27:20 [notice] 1#1: start worker process 39
2025/11/10 06:27:20 [notice] 1#1: start worker process 40
2025/11/10 06:27:20 [notice] 1#1: start worker process 41
2025/11/10 06:27:20 [notice] 1#1: start worker process 42
2025/11/10 06:27:20 [notice] 1#1: start worker process 43
2025/11/10 06:27:20 [notice] 1#1: start worker process 44
2025/11/10 06:27:20 [notice] 1#1: start worker process 45
2025/11/10 06:27:20 [notice] 1#1: start worker process 46
2025/11/10 09:57:30 [notice] 1#1: signal 3 (SIGQUIT) received, shutting down
2025/11/10 09:57:30 [notice] 29#29: gracefully shutting down
2025/11/10 09:57:30 [notice] 29#29: exiting
2025/11/10 09:57:30 [notice] 43#43: gracefully shutting down
2025/11/10 09:57:30 [notice] 43#43: exiting
2025/11/10 09:57:30 [notice] 40#40: gracefully shutting down
2025/11/10 09:57:30 [notice] 40#40: exiting
2025/11/10 09:57:30 [notice] 45#45: gracefully shutting down
2025/11/10 09:57:30 [notice] 45#45: exiting
2025/11/10 09:57:30 [notice] 46#46: gracefully shutting down
2025/11/10 09:57:30 [notice] 46#46: exiting
2025/11/10 09:57:30 [notice] 30#30: gracefully shutting down
2025/11/10 09:57:30 [notice] 31#31: gracefully shutting down
2025/11/10 09:57:30 [notice] 31#31: exiting
2025/11/10 09:57:30 [notice] 30#30: exiting
2025/11/10 09:57:30 [notice] 32#32: gracefully shutting down
2025/11/10 09:57:30 [notice] 44#44: gracefully shutting down
2025/11/10 09:57:30 [notice] 44#44: exiting
2025/11/10 09:57:30 [notice] 33#33: gracefully shutting down
2025/11/10 09:57:30 [notice] 32#32: exiting
2025/11/10 09:57:30 [notice] 33#33: exiting
2025/11/10 09:57:30 [notice] 34#34: gracefully shutting down
2025/11/10 09:57:30 [notice] 35#35: gracefully shutting down
2025/11/10 09:57:30 [notice] 34#34: exiting
2025/11/10 09:57:30 [notice] 35#35: exiting
2025/11/10 09:57:30 [notice] 36#36: gracefully shutting down
2025/11/10 09:57:30 [notice] 36#36: exiting
2025/11/10 09:57:30 [notice] 37#37: gracefully shutting down
2025/11/10 09:57:30 [notice] 37#37: exiting
2025/11/10 09:57:30 [notice] 39#39: gracefully shutting down
2025/11/10 09:57:30 [notice] 41#41: gracefully shutting down
2025/11/10 09:57:30 [notice] 39#39: exiting
2025/11/10 09:57:30 [notice] 38#38: gracefully shutting down
2025/11/10 09:57:30 [notice] 42#42: gracefully shutting down
2025/11/10 09:57:30 [notice] 41#41: exiting
2025/11/10 09:57:30 [notice] 38#38: exiting
2025/11/10 09:57:30 [notice] 42#42: exiting
2025/11/10 09:57:30 [notice] 45#45: exit
2025/11/10 09:57:30 [notice] 41#41: exit
2025/11/10 09:57:30 [notice] 40#40: exit
2025/11/10 09:57:30 [notice] 44#44: exit
2025/11/10 09:57:30 [notice] 46#46: exit
2025/11/10 09:57:30 [notice] 31#31: exit
2025/11/10 09:57:30 [notice] 35#35: exit
2025/11/10 09:57:30 [notice] 30#30: exit
2025/11/10 09:57:30 [notice] 33#33: exit
2025/11/10 09:57:30 [notice] 38#38: exit
2025/11/10 09:57:30 [notice] 32#32: exit
2025/11/10 09:57:30 [notice] 36#36: exit
2025/11/10 09:57:30 [notice] 34#34: exit
2025/11/10 09:57:30 [notice] 43#43: exit
2025/11/10 09:57:30 [notice] 39#39: exit
2025/11/10 09:57:30 [notice] 42#42: exit
2025/11/10 09:57:30 [notice] 29#29: exit
2025/11/10 09:57:30 [notice] 37#37: exit
2025/11/10 09:57:30 [notice] 1#1: signal 17 (SIGCHLD) received from 31
2025/11/10 09:57:30 [notice] 1#1: worker process 31 exited with code 0
2025/11/10 09:57:30 [notice] 1#1: signal 29 (SIGIO) received
2025/11/10 09:57:30 [notice] 1#1: signal 17 (SIGCHLD) received from 39
2025/11/10 09:57:30 [notice] 1#1: worker process 39 exited with code 0
2025/11/10 09:57:30 [notice] 1#1: signal 29 (SIGIO) received
2025/11/10 09:57:30 [notice] 1#1: signal 17 (SIGCHLD) received from 41
2025/11/10 09:57:30 [notice] 1#1: worker process 37 exited with code 0
2025/11/10 09:57:30 [notice] 1#1: worker process 41 exited with code 0
2025/11/10 09:57:30 [notice] 1#1: worker process 42 exited with code 0
2025/11/10 09:57:30 [notice] 1#1: signal 29 (SIGIO) received
2025/11/10 09:57:30 [notice] 1#1: signal 17 (SIGCHLD) received from 42
2025/11/10 09:57:30 [notice] 1#1: worker process 30 exited with code 0
2025/11/10 09:57:30 [notice] 1#1: worker process 33 exited with code 0
2025/11/10 09:57:30 [notice] 1#1: worker process 36 exited with code 0
2025/11/10 09:57:30 [notice] 1#1: worker process 38 exited with code 0
2025/11/10 09:57:30 [notice] 1#1: worker process 40 exited with code 0
2025/11/10 09:57:30 [notice] 1#1: worker process 45 exited with code 0
2025/11/10 09:57:30 [notice] 1#1: signal 29 (SIGIO) received
2025/11/10 09:57:30 [notice] 1#1: signal 17 (SIGCHLD) received from 38
2025/11/10 09:57:30 [notice] 1#1: signal 17 (SIGCHLD) received from 32
2025/11/10 09:57:30 [notice] 1#1: worker process 29 exited with code 0
2025/11/10 09:57:30 [notice] 1#1: worker process 32 exited with code 0
2025/11/10 09:57:30 [notice] 1#1: worker process 34 exited with code 0
2025/11/10 09:57:30 [notice] 1#1: worker process 43 exited with code 0
2025/11/10 09:57:30 [notice] 1#1: worker process 44 exited with code 0
2025/11/10 09:57:30 [notice] 1#1: worker process 46 exited with code 0
2025/11/10 09:57:30 [notice] 1#1: signal 29 (SIGIO) received
2025/11/10 09:57:30 [notice] 1#1: signal 17 (SIGCHLD) received from 35
2025/11/10 09:57:30 [notice] 1#1: worker process 35 exited with code 0
2025/11/10 09:57:30 [notice] 1#1: exit
2025/11/12 09:37:57 [notice] 1#1: using the "epoll" event method
2025/11/12 09:37:57 [notice] 1#1: nginx/1.29.2
2025/11/12 09:37:57 [notice] 1#1: built by gcc 14.2.0 (Alpine 14.2.0) 
2025/11/12 09:37:57 [notice] 1#1: OS: Linux 6.6.87.2-microsoft-standard-WSL2
2025/11/12 09:37:57 [notice] 1#1: getrlimit(RLIMIT_NOFILE): 1048576:1048576
2025/11/12 09:37:57 [notice] 1#1: start worker processes
2025/11/12 09:37:57 [notice] 1#1: start worker process 29
2025/11/12 09:37:57 [notice] 1#1: start worker process 30
2025/11/12 09:37:57 [notice] 1#1: start worker process 31
2025/11/12 09:37:57 [notice] 1#1: start worker process 32
2025/11/12 09:37:57 [notice] 1#1: start worker process 33
2025/11/12 09:37:57 [notice] 1#1: start worker process 34
2025/11/12 09:37:57 [notice] 1#1: start worker process 35
2025/11/12 09:37:57 [notice] 1#1: start worker process 36
2025/11/12 09:37:57 [notice] 1#1: start worker process 37
2025/11/12 09:37:57 [notice] 1#1: start worker process 38
2025/11/12 09:37:57 [notice] 1#1: start worker process 39
2025/11/12 09:37:57 [notice] 1#1: start worker process 40
2025/11/12 09:37:57 [notice] 1#1: start worker process 41
2025/11/12 09:37:57 [notice] 1#1: start worker process 42
2025/11/12 09:37:57 [notice] 1#1: start worker process 43
2025/11/12 09:37:57 [notice] 1#1: start worker process 44
2025/11/12 09:37:57 [notice] 1#1: start worker process 45
2025/11/12 09:37:57 [notice] 1#1: start worker process 46
2025/11/12 09:38:17 [notice] 1#1: signal 3 (SIGQUIT) received, shutting down
2025/11/12 09:38:17 [notice] 30#30: gracefully shutting down
2025/11/12 09:38:17 [notice] 40#40: gracefully shutting down
2025/11/12 09:38:17 [notice] 29#29: gracefully shutting down
2025/11/12 09:38:17 [notice] 45#45: gracefully shutting down
2025/11/12 09:38:17 [notice] 45#45: exiting
2025/11/12 09:38:17 [notice] 32#32: gracefully shutting down
2025/11/12 09:38:17 [notice] 33#33: gracefully shutting down
2025/11/12 09:38:17 [notice] 32#32: exiting
2025/11/12 09:38:17 [notice] 33#33: exiting
2025/11/12 09:38:17 [notice] 42#42: gracefully shutting down
2025/11/12 09:38:17 [notice] 42#42: exiting
2025/11/12 09:38:17 [notice] 32#32: exit
2025/11/12 09:38:17 [notice] 33#33: exit
2025/11/12 09:38:17 [notice] 34#34: gracefully shutting down
2025/11/12 09:38:17 [notice] 34#34: exiting
2025/11/12 09:38:17 [notice] 34#34: exit
2025/11/12 09:38:17 [notice] 42#42: exit
2025/11/12 09:38:17 [notice] 35#35: gracefully shutting down
2025/11/12 09:38:17 [notice] 35#35: exiting
2025/11/12 09:38:17 [notice] 31#31: gracefully shutting down
2025/11/12 09:38:17 [notice] 31#31: exiting
2025/11/12 09:38:17 [notice] 35#35: exit
2025/11/12 09:38:17 [notice] 31#31: exit
2025/11/12 09:38:17 [notice] 38#38: gracefully shutting down
2025/11/12 09:38:17 [notice] 38#38: exiting
2025/11/12 09:38:17 [notice] 36#36: gracefully shutting down
2025/11/12 09:38:17 [notice] 38#38: exit
2025/11/12 09:38:17 [notice] 36#36: exiting
2025/11/12 09:38:17 [notice] 36#36: exit
2025/11/12 09:38:17 [notice] 37#37: gracefully shutting down
2025/11/12 09:38:17 [notice] 37#37: exiting
2025/11/12 09:38:17 [notice] 43#43: gracefully shutting down
2025/11/12 09:38:17 [notice] 43#43: exiting
2025/11/12 09:38:17 [notice] 37#37: exit
2025/11/12 09:38:17 [notice] 43#43: exit
2025/11/12 09:38:17 [notice] 39#39: gracefully shutting down
2025/11/12 09:38:17 [notice] 39#39: exiting
2025/11/12 09:38:17 [notice] 39#39: exit
2025/11/12 09:38:17 [notice] 44#44: gracefully shutting down
2025/11/12 09:38:17 [notice] 44#44: exiting
2025/11/12 09:38:17 [notice] 46#46: gracefully shutting down
2025/11/12 09:38:17 [notice] 46#46: exiting
2025/11/12 09:38:17 [notice] 44#44: exit
2025/11/12 09:38:17 [notice] 45#45: exit
2025/11/12 09:38:17 [notice] 46#46: exit
2025/11/12 09:38:17 [notice] 41#41: gracefully shutting down
2025/11/12 09:38:17 [notice] 41#41: exiting
2025/11/12 09:38:17 [notice] 41#41: exit
2025/11/12 09:38:17 [notice] 1#1: signal 17 (SIGCHLD) received from 43
2025/11/12 09:38:17 [notice] 1#1: worker process 43 exited with code 0
2025/11/12 09:38:17 [notice] 1#1: worker process 45 exited with code 0
2025/11/12 09:38:17 [notice] 1#1: signal 29 (SIGIO) received
2025/11/12 09:38:17 [notice] 1#1: signal 17 (SIGCHLD) received from 39
2025/11/12 09:38:17 [notice] 1#1: worker process 39 exited with code 0
2025/11/12 09:38:17 [notice] 1#1: signal 29 (SIGIO) received
2025/11/12 09:38:17 [notice] 1#1: signal 17 (SIGCHLD) received from 46
2025/11/12 09:38:17 [notice] 1#1: worker process 46 exited with code 0
2025/11/12 09:38:17 [notice] 1#1: signal 29 (SIGIO) received
2025/11/12 09:38:17 [notice] 1#1: signal 17 (SIGCHLD) received from 34
2025/11/12 09:38:17 [notice] 1#1: worker process 34 exited with code 0
2025/11/12 09:38:17 [notice] 1#1: signal 29 (SIGIO) received
2025/11/12 09:38:17 [notice] 1#1: signal 17 (SIGCHLD) received from 38
2025/11/12 09:38:17 [notice] 1#1: worker process 38 exited with code 0
2025/11/12 09:38:17 [notice] 1#1: signal 29 (SIGIO) received
2025/11/12 09:38:17 [notice] 1#1: signal 17 (SIGCHLD) received from 37
2025/11/12 09:38:17 [notice] 1#1: worker process 37 exited with code 0
2025/11/12 09:38:17 [notice] 1#1: signal 29 (SIGIO) received
2025/11/12 09:38:17 [notice] 1#1: signal 17 (SIGCHLD) received from 35
2025/11/12 09:38:17 [notice] 1#1: worker process 31 exited with code 0
2025/11/12 09:38:17 [notice] 1#1: worker process 33 exited with code 0
2025/11/12 09:38:17 [notice] 1#1: worker process 35 exited with code 0
2025/11/12 09:38:17 [notice] 1#1: worker process 41 exited with code 0
2025/11/12 09:38:17 [notice] 1#1: signal 29 (SIGIO) received
2025/11/12 09:38:17 [notice] 1#1: signal 17 (SIGCHLD) received from 32
2025/11/12 09:38:17 [notice] 1#1: worker process 32 exited with code 0
2025/11/12 09:38:17 [notice] 1#1: worker process 36 exited with code 0
2025/11/12 09:38:17 [notice] 1#1: signal 29 (SIGIO) received
2025/11/12 09:38:17 [notice] 1#1: signal 17 (SIGCHLD) received from 44
2025/11/12 09:38:17 [notice] 1#1: worker process 42 exited with code 0
2025/11/12 09:38:17 [notice] 1#1: worker process 44 exited with code 0
2025/11/12 09:38:17 [notice] 1#1: signal 29 (SIGIO) received
2025/11/12 09:44:46 [notice] 1#1: using the "epoll" event method
2025/11/12 09:44:46 [notice] 1#1: nginx/1.29.2
2025/11/12 09:44:46 [notice] 1#1: built by gcc 14.2.0 (Alpine 14.2.0) 
2025/11/12 09:44:46 [notice] 1#1: OS: Linux 6.6.87.2-microsoft-standard-WSL2
2025/11/12 09:44:46 [notice] 1#1: getrlimit(RLIMIT_NOFILE): 1048576:1048576
2025/11/12 09:44:46 [notice] 1#1: start worker processes
2025/11/12 09:44:46 [notice] 1#1: start worker process 29
2025/11/12 09:44:46 [notice] 1#1: start worker process 30
2025/11/12 09:44:46 [notice] 1#1: start worker process 31
2025/11/12 09:44:46 [notice] 1#1: start worker process 32
2025/11/12 09:44:46 [notice] 1#1: start worker process 33
2025/11/12 09:44:46 [notice] 1#1: start worker process 34
2025/11/12 09:44:46 [notice] 1#1: start worker process 35
2025/11/12 09:44:46 [notice] 1#1: start worker process 36
2025/11/12 09:44:46 [notice] 1#1: start worker process 37
2025/11/12 09:44:46 [notice] 1#1: start worker process 38
2025/11/12 09:44:46 [notice] 1#1: start worker process 39
2025/11/12 09:44:46 [notice] 1#1: start worker process 40
2025/11/12 09:44:46 [notice] 1#1: start worker process 41
2025/11/12 09:44:46 [notice] 1#1: start worker process 42
2025/11/12 09:44:46 [notice] 1#1: start worker process 43
2025/11/12 09:44:46 [notice] 1#1: start worker process 44
2025/11/12 09:44:46 [notice] 1#1: start worker process 45
2025/11/12 09:44:46 [notice] 1#1: start worker process 46
2025/11/12 09:52:39 [notice] 1#1: signal 3 (SIGQUIT) received, shutting down
2025/11/12 09:52:39 [notice] 32#32: gracefully shutting down
2025/11/12 09:52:39 [notice] 29#29: gracefully shutting down
2025/11/12 09:52:39 [notice] 32#32: exiting
2025/11/12 09:52:39 [notice] 29#29: exiting
2025/11/12 09:52:39 [notice] 44#44: gracefully shutting down
2025/11/12 09:52:39 [notice] 44#44: exiting
2025/11/12 09:52:39 [notice] 37#37: gracefully shutting down
2025/11/12 09:52:39 [notice] 37#37: exiting
2025/11/12 09:52:39 [notice] 29#29: exit
2025/11/12 09:52:39 [notice] 32#32: exit
2025/11/12 09:52:39 [notice] 44#44: exit
2025/11/12 09:52:39 [notice] 37#37: exit
2025/11/12 09:52:39 [notice] 30#30: gracefully shutting down
2025/11/12 09:52:39 [notice] 30#30: exiting
2025/11/12 09:52:39 [notice] 31#31: gracefully shutting down
2025/11/12 09:52:39 [notice] 31#31: exiting
2025/11/12 09:52:39 [notice] 33#33: gracefully shutting down
2025/11/12 09:52:39 [notice] 33#33: exiting
2025/11/12 09:52:39 [notice] 31#31: exit
2025/11/12 09:52:39 [notice] 34#34: gracefully shutting down
2025/11/12 09:52:39 [notice] 33#33: exit
2025/11/12 09:52:39 [notice] 34#34: exiting
2025/11/12 09:52:39 [notice] 46#46: gracefully shutting down
2025/11/12 09:52:39 [notice] 46#46: exiting
2025/11/12 09:52:39 [notice] 34#34: exit
2025/11/12 09:52:39 [notice] 46#46: exit
2025/11/12 09:52:39 [notice] 35#35: gracefully shutting down
2025/11/12 09:52:39 [notice] 35#35: exiting
2025/11/12 09:52:39 [notice] 36#36: gracefully shutting down
2025/11/12 09:52:39 [notice] 38#38: gracefully shutting down
2025/11/12 09:52:39 [notice] 36#36: exiting
2025/11/12 09:52:39 [notice] 38#38: exiting
2025/11/12 09:52:39 [notice] 39#39: gracefully shutting down
2025/11/12 09:52:39 [notice] 39#39: exiting
2025/11/12 09:52:39 [notice] 36#36: exit
2025/11/12 09:52:39 [notice] 40#40: gracefully shutting down
2025/11/12 09:52:39 [notice] 38#38: exit
2025/11/12 09:52:39 [notice] 40#40: exiting
2025/11/12 09:52:39 [notice] 39#39: exit
2025/11/12 09:52:39 [notice] 40#40: exit
2025/11/12 09:52:39 [notice] 41#41: gracefully shutting down
2025/11/12 09:52:39 [notice] 42#42: gracefully shutting down
2025/11/12 09:52:39 [notice] 41#41: exiting
2025/11/12 09:52:39 [notice] 42#42: exiting
2025/11/12 09:52:39 [notice] 43#43: gracefully shutting down
2025/11/12 09:52:39 [notice] 43#43: exiting
2025/11/12 09:52:39 [notice] 41#41: exit
2025/11/12 09:52:39 [notice] 42#42: exit
2025/11/12 09:52:39 [notice] 45#45: gracefully shutting down
2025/11/12 09:52:39 [notice] 43#43: exit
2025/11/12 09:52:39 [notice] 45#45: exiting
2025/11/12 09:52:39 [notice] 35#35: exit
2025/11/12 09:52:39 [notice] 30#30: exit
2025/11/12 09:52:39 [notice] 45#45: exit
2025/11/12 09:52:39 [notice] 1#1: signal 17 (SIGCHLD) received from 34
2025/11/12 09:52:39 [notice] 1#1: worker process 34 exited with code 0
2025/11/12 09:52:39 [notice] 1#1: signal 29 (SIGIO) received
2025/11/12 09:52:39 [notice] 1#1: signal 17 (SIGCHLD) received from 30
2025/11/12 09:52:39 [notice] 1#1: worker process 30 exited with code 0
2025/11/12 09:52:39 [notice] 1#1: worker process 37 exited with code 0
2025/11/12 09:52:39 [notice] 1#1: worker process 44 exited with code 0
2025/11/12 09:52:39 [notice] 1#1: signal 29 (SIGIO) received
2025/11/12 09:52:39 [notice] 1#1: signal 17 (SIGCHLD) received from 35
2025/11/12 09:52:39 [notice] 1#1: worker process 29 exited with code 0
2025/11/12 09:52:39 [notice] 1#1: worker process 32 exited with code 0
2025/11/12 09:52:39 [notice] 1#1: worker process 35 exited with code 0
2025/11/12 09:52:39 [notice] 1#1: worker process 42 exited with code 0
2025/11/12 09:52:39 [notice] 1#1: signal 29 (SIGIO) received
2025/11/12 09:52:39 [notice] 1#1: signal 17 (SIGCHLD) received from 45
2025/11/12 09:52:39 [notice] 1#1: worker process 33 exited with code 0
2025/11/12 09:52:39 [notice] 1#1: worker process 45 exited with code 0
2025/11/12 09:52:39 [notice] 1#1: signal 29 (SIGIO) received
2025/11/12 09:52:39 [notice] 1#1: signal 17 (SIGCHLD) received from 43
2025/11/12 09:52:39 [notice] 1#1: worker process 31 exited with code 0
2025/11/12 09:52:39 [notice] 1#1: worker process 36 exited with code 0
2025/11/12 09:52:39 [notice] 1#1: worker process 43 exited with code 0
2025/11/12 09:52:39 [notice] 1#1: signal 29 (SIGIO) received
2025/11/12 09:52:39 [notice] 1#1: signal 17 (SIGCHLD) received from 40
2025/11/12 09:52:39 [notice] 1#1: worker process 39 exited with code 0
2025/11/12 09:52:39 [notice] 1#1: worker process 40 exited with code 0
2025/11/12 09:52:39 [notice] 1#1: worker process 46 exited with code 0
2025/11/12 09:52:39 [notice] 1#1: signal 29 (SIGIO) received
2025/11/12 09:52:39 [notice] 1#1: signal 17 (SIGCHLD) received from 38
2025/11/12 09:52:39 [notice] 1#1: worker process 38 exited with code 0
2025/11/12 09:52:39 [notice] 1#1: signal 17 (SIGCHLD) received from 41
2025/11/12 09:52:39 [notice] 1#1: worker process 41 exited with code 0
2025/11/12 09:52:39 [notice] 1#1: exit
